<?xml version="1.0" encoding="UTF-8"?>
<!-- Generated by org.testng.reporters.JUnitXMLReporter -->
<testsuite ignored="0" hostname="LTIN588398" failures="9" tests="60" name="Test" time="95.528" errors="0" timestamp="2025-06-01T10:26:50 IST">
  <testcase classname="app.vercel.devProfileEight.tests.TS01_HomePageValidation" name="appsMadeFieldTest" time="0.565"/>
  <testcase classname="app.vercel.devProfileEight.tests.TS01_HomePageValidation" name="checkWebTitle" time="0.179"/>
  <testcase classname="app.vercel.devProfileEight.tests.TS01_HomePageValidation" name="createPortfolio" time="0.464"/>
  <testcase classname="app.vercel.devProfileEight.tests.TS01_HomePageValidation" name="emailFieldEnableCheck" time="0.446"/>
  <testcase classname="app.vercel.devProfileEight.tests.TS01_HomePageValidation" name="experienceFieldEnableCheck" time="0.732"/>
  <testcase classname="app.vercel.devProfileEight.tests.TS01_HomePageValidation" name="headerCheck" time="0.315"/>
  <testcase classname="app.vercel.devProfileEight.tests.TS01_HomePageValidation" name="jobTitleFieldEnableCheck" time="0.469"/>
  <testcase classname="app.vercel.devProfileEight.tests.TS01_HomePageValidation" name="measureBtnClickTest" time="0.341"/>
  <testcase classname="app.vercel.devProfileEight.tests.TS01_HomePageValidation" name="nameFieldEnableCheck" time="0.334"/>
  <testcase classname="app.vercel.devProfileEight.tests.TS01_HomePageValidation" name="skillsField" time="0.399"/>
  <testcase classname="app.vercel.devProfileEight.tests.TS01_HomePageValidation" name="subTitleCheck" time="0.225"/>
  <testcase classname="app.vercel.devProfileEight.tests.TS01_HomePageValidation" name="websitesDevelopedFieldTest" time="0.376"/>
  <testcase classname="app.vercel.devProfileEight.tests.TS02_InputValidation" name="appsMadeFieldValidationTest" time="0.551"/>
  <testcase classname="app.vercel.devProfileEight.tests.TS02_InputValidation" name="appsMadeFieldValidationTest" time="0.384"/>
  <testcase classname="app.vercel.devProfileEight.tests.TS02_InputValidation" name="appsMadeFieldValidationTest" time="0.483"/>
  <testcase classname="app.vercel.devProfileEight.tests.TS02_InputValidation" name="appsMadeFieldValidationTest" time="0.49"/>
  <testcase classname="app.vercel.devProfileEight.tests.TS02_InputValidation" name="appsMadeFieldValidationTest" time="0.532">
    <failure type="java.lang.AssertionError" message="Apps Made Input field is allowing Invalid input did not expect [-4] but found [-4]">
      <![CDATA[java.lang.AssertionError: Apps Made Input field is allowing Invalid input did not expect [-4] but found [-4]
at app.vercel.devProfileEight.tests.TS02_InputValidation.appsMadeFieldValidationTest(TS02_InputValidation.java:73)
at java.base/java.util.ArrayList.forEach(ArrayList.java:1596)
... Removed 29 stack frames]]>
    </failure>
  </testcase> <!-- appsMadeFieldValidationTest -->
  <testcase classname="app.vercel.devProfileEight.tests.TS02_InputValidation" name="appsMadeFieldValidationTest" time="0.523">
    <failure type="java.lang.AssertionError" message="Apps Made Input field is allowing Invalid input did not expect [9.8] but found [9.8]">
      <![CDATA[java.lang.AssertionError: Apps Made Input field is allowing Invalid input did not expect [9.8] but found [9.8]
at app.vercel.devProfileEight.tests.TS02_InputValidation.appsMadeFieldValidationTest(TS02_InputValidation.java:73)
at java.base/java.util.ArrayList.forEach(ArrayList.java:1596)
... Removed 29 stack frames]]>
    </failure>
  </testcase> <!-- appsMadeFieldValidationTest -->
  <testcase classname="app.vercel.devProfileEight.tests.TS02_InputValidation" name="emailFieldValidationTest" time="0.404"/>
  <testcase classname="app.vercel.devProfileEight.tests.TS02_InputValidation" name="emailFieldValidationTest" time="0.544"/>
  <testcase classname="app.vercel.devProfileEight.tests.TS02_InputValidation" name="emailFieldValidationTest" time="0.484"/>
  <testcase classname="app.vercel.devProfileEight.tests.TS02_InputValidation" name="emailFieldValidationTest" time="0.632"/>
  <testcase classname="app.vercel.devProfileEight.tests.TS02_InputValidation" name="emailFieldValidationTest" time="0.483"/>
  <testcase classname="app.vercel.devProfileEight.tests.TS02_InputValidation" name="experienceFieldValidationTest" time="0.794"/>
  <testcase classname="app.vercel.devProfileEight.tests.TS02_InputValidation" name="experienceFieldValidationTest" time="0.88"/>
  <testcase classname="app.vercel.devProfileEight.tests.TS02_InputValidation" name="experienceFieldValidationTest" time="0.921"/>
  <testcase classname="app.vercel.devProfileEight.tests.TS02_InputValidation" name="experienceFieldValidationTest" time="0.885"/>
  <testcase classname="app.vercel.devProfileEight.tests.TS02_InputValidation" name="experienceFieldValidationTest" time="0.734"/>
  <testcase classname="app.vercel.devProfileEight.tests.TS02_InputValidation" name="experienceFieldValidationTest" time="0.683"/>
  <testcase classname="app.vercel.devProfileEight.tests.TS02_InputValidation" name="experienceFieldValidationTest" time="0.699"/>
  <testcase classname="app.vercel.devProfileEight.tests.TS02_InputValidation" name="experienceFieldValidationTest" time="0.676"/>
  <testcase classname="app.vercel.devProfileEight.tests.TS02_InputValidation" name="experienceFieldValidationTest" time="0.659"/>
  <testcase classname="app.vercel.devProfileEight.tests.TS02_InputValidation" name="experienceFieldValidationTest" time="0.571"/>
  <testcase classname="app.vercel.devProfileEight.tests.TS02_InputValidation" name="jobTitleFieldValidationTest" time="0.5"/>
  <testcase classname="app.vercel.devProfileEight.tests.TS02_InputValidation" name="jobTitleFieldValidationTest" time="0.412"/>
  <testcase classname="app.vercel.devProfileEight.tests.TS02_InputValidation" name="jobTitleFieldValidationTest" time="0.446"/>
  <testcase classname="app.vercel.devProfileEight.tests.TS02_InputValidation" name="measureProfileTest" time="7.163">
    <failure type="java.lang.AssertionError" message="Alert is not raised even if the details are not valid expected [true] but found [false]">
      <![CDATA[java.lang.AssertionError: Alert is not raised even if the details are not valid expected [true] but found [false]
at app.vercel.devProfileEight.tests.TS02_InputValidation.measureProfileTest(TS02_InputValidation.java:104)
at java.base/java.util.ArrayList.forEach(ArrayList.java:1596)
... Removed 28 stack frames]]>
    </failure>
  </testcase> <!-- measureProfileTest -->
  <testcase classname="app.vercel.devProfileEight.tests.TS02_InputValidation" name="measureProfileTest" time="7.311">
    <failure type="java.lang.AssertionError" message="Alert is not raised even if the details are not valid expected [true] but found [false]">
      <![CDATA[java.lang.AssertionError: Alert is not raised even if the details are not valid expected [true] but found [false]
at app.vercel.devProfileEight.tests.TS02_InputValidation.measureProfileTest(TS02_InputValidation.java:104)
at java.base/java.util.ArrayList.forEach(ArrayList.java:1596)
... Removed 28 stack frames]]>
    </failure>
  </testcase> <!-- measureProfileTest -->
  <testcase classname="app.vercel.devProfileEight.tests.TS02_InputValidation" name="measureProfileTest" time="7.178">
    <failure type="java.lang.AssertionError" message="Alert is not raised even if the details are not valid expected [true] but found [false]">
      <![CDATA[java.lang.AssertionError: Alert is not raised even if the details are not valid expected [true] but found [false]
at app.vercel.devProfileEight.tests.TS02_InputValidation.measureProfileTest(TS02_InputValidation.java:104)
at java.base/java.util.ArrayList.forEach(ArrayList.java:1596)
... Removed 28 stack frames]]>
    </failure>
  </testcase> <!-- measureProfileTest -->
  <testcase classname="app.vercel.devProfileEight.tests.TS02_InputValidation" name="measureProfileTest" time="6.859">
    <failure type="java.lang.AssertionError" message="Alert is not raised even if the details are not valid expected [true] but found [false]">
      <![CDATA[java.lang.AssertionError: Alert is not raised even if the details are not valid expected [true] but found [false]
at app.vercel.devProfileEight.tests.TS02_InputValidation.measureProfileTest(TS02_InputValidation.java:104)
at java.base/java.util.ArrayList.forEach(ArrayList.java:1596)
... Removed 28 stack frames]]>
    </failure>
  </testcase> <!-- measureProfileTest -->
  <testcase classname="app.vercel.devProfileEight.tests.TS02_InputValidation" name="measureProfileTest" time="1.966"/>
  <testcase classname="app.vercel.devProfileEight.tests.TS02_InputValidation" name="nameFieldValidationTest" time="0.448"/>
  <testcase classname="app.vercel.devProfileEight.tests.TS02_InputValidation" name="nameFieldValidationTest" time="0.499"/>
  <testcase classname="app.vercel.devProfileEight.tests.TS02_InputValidation" name="nameFieldValidationTest" time="0.574"/>
  <testcase classname="app.vercel.devProfileEight.tests.TS02_InputValidation" name="nameFieldValidationTest" time="0.454"/>
  <testcase classname="app.vercel.devProfileEight.tests.TS02_InputValidation" name="nameFieldValidationTest" time="0.427"/>
  <testcase classname="app.vercel.devProfileEight.tests.TS02_InputValidation" name="skillsFieldValidationTest" time="0.457"/>
  <testcase classname="app.vercel.devProfileEight.tests.TS02_InputValidation" name="skillsFieldValidationTest" time="0.472"/>
  <testcase classname="app.vercel.devProfileEight.tests.TS02_InputValidation" name="skillsFieldValidationTest" time="0.545"/>
  <testcase classname="app.vercel.devProfileEight.tests.TS02_InputValidation" name="websitesDevelopedFieldValidationTest" time="0.448"/>
  <testcase classname="app.vercel.devProfileEight.tests.TS02_InputValidation" name="websitesDevelopedFieldValidationTest" time="0.483"/>
  <testcase classname="app.vercel.devProfileEight.tests.TS02_InputValidation" name="websitesDevelopedFieldValidationTest" time="0.512"/>
  <testcase classname="app.vercel.devProfileEight.tests.TS02_InputValidation" name="websitesDevelopedFieldValidationTest" time="0.524"/>
  <testcase classname="app.vercel.devProfileEight.tests.TS02_InputValidation" name="websitesDevelopedFieldValidationTest" time="0.51">
    <failure type="java.lang.AssertionError" message="Websites Developed Input field is allowing Invalid input did not expect [-4] but found [-4]">
      <![CDATA[java.lang.AssertionError: Websites Developed Input field is allowing Invalid input did not expect [-4] but found [-4]
at app.vercel.devProfileEight.tests.TS02_InputValidation.websitesDevelopedFieldValidationTest(TS02_InputValidation.java:59)
at java.base/java.util.ArrayList.forEach(ArrayList.java:1596)
... Removed 29 stack frames]]>
    </failure>
  </testcase> <!-- websitesDevelopedFieldValidationTest -->
  <testcase classname="app.vercel.devProfileEight.tests.TS02_InputValidation" name="websitesDevelopedFieldValidationTest" time="0.455">
    <failure type="java.lang.AssertionError" message="Websites Developed Input field is allowing Invalid input did not expect [9.8] but found [9.8]">
      <![CDATA[java.lang.AssertionError: Websites Developed Input field is allowing Invalid input did not expect [9.8] but found [9.8]
at app.vercel.devProfileEight.tests.TS02_InputValidation.websitesDevelopedFieldValidationTest(TS02_InputValidation.java:59)
at java.base/java.util.ArrayList.forEach(ArrayList.java:1596)
... Removed 29 stack frames]]>
    </failure>
  </testcase> <!-- websitesDevelopedFieldValidationTest -->
  <testcase classname="app.vercel.devProfileEight.tests.TS03_PortfolioBtnValidation" name="detailsEntryTestAndCreateProfile" time="2.06">
    <failure type="java.lang.AssertionError" message="Invalid details entered still creating portifolio and navigating to portifolio page expected [true] but found [false]">
      <![CDATA[java.lang.AssertionError: Invalid details entered still creating portifolio and navigating to portifolio page expected [true] but found [false]
at app.vercel.devProfileEight.tests.TS03_PortfolioBtnValidation.detailsEntryTestAndCreateProfile(TS03_PortfolioBtnValidation.java:25)
at java.base/java.util.ArrayList.forEach(ArrayList.java:1596)
... Removed 28 stack frames]]>
    </failure>
  </testcase> <!-- detailsEntryTestAndCreateProfile -->
  <testcase classname="app.vercel.devProfileEight.tests.TS03_PortfolioBtnValidation" name="detailsEntryTestAndCreateProfile" time="1.497"/>
  <testcase classname="app.vercel.devProfileEight.tests.TS03_PortfolioBtnValidation" name="detailsEntryTestAndCreateProfile" time="1.303"/>
  <testcase classname="app.vercel.devProfileEight.tests.TS03_PortfolioBtnValidation" name="detailsEntryTestAndCreateProfile" time="1.688"/>
  <testcase classname="app.vercel.devProfileEight.tests.TS03_PortfolioBtnValidation" name="detailsEntryTestAndCreateProfile" time="1.729"/>
</testsuite> <!-- Test -->
