<!DOCTYPE html PUBLIC "-//W3C//DTD XHTML 1.1//EN" "https://www.w3.org/TR/xhtml11/DTD/xhtml11.dtd">
<html xmlns="https://www.w3.org/1999/xhtml">
<head>
<meta http-equiv="content-type" content="text/html; charset=UTF-8"/>
<title>TestNG Report</title>
<style type="text/css">table {margin-bottom:10px;border-collapse:collapse;empty-cells:show}th,td {border:1px solid #009;padding:.25em .5em}th {vertical-align:bottom}td {vertical-align:top}table a {font-weight:bold}.stripe td {background-color: #E6EBF9}.num {text-align:right}.passedodd td {background-color: #3F3}.passedeven td {background-color: #0A0}.skippedodd td {background-color: #DDD}.skippedeven td {background-color: #CCC}.failedodd td,.attn {background-color: #F33}.failedeven td,.stripe .attn {background-color: #D00}.stacktrace {white-space:pre;font-family:monospace}.totop {font-size:85%;text-align:center;border-bottom:2px solid #000}.invisible {display:none}</style>
</head>
<body>
<table>
<tr><th>Test</th><th># Passed</th><th># Skipped</th><th># Retried</th><th># Failed</th><th>Time (ms)</th><th>Included Groups</th><th>Excluded Groups</th></tr>
<tr><th colspan="8">Suite</th></tr>
<tr><td><a href="#t0">Edge Test</a></td><td class="num">66</td><td class="num">0</td><td class="num">0</td><td class="num attn">22</td><td class="num">177,927</td><td></td><td></td></tr>
<tr class="stripe"><td><a href="#t1">Chrome Test</a></td><td class="num">66</td><td class="num">0</td><td class="num">0</td><td class="num attn">22</td><td class="num">240,532</td><td></td><td></td></tr>
<tr><th>Total</th><th class="num">132</th><th class="num">0</th><th class="num">0</th><th class="num attn">44</th><th class="num">418,459</th><th colspan="2"></th></tr>
</table>
<table id='summary'><thead><tr><th>Class</th><th>Method</th><th>Start</th><th>Time (ms)</th></tr></thead><tbody><tr><th colspan="4">Suite</th></tr></tbody><tbody id="t0"><tr><th colspan="4">Edge Test &#8212; failed</th></tr><tr class="failedeven"><td rowspan="16">app.vercel.devProfileEight.tests.TS02_InputValidation</td><td><a href="#m0">appsMadeFieldValidationTest</a></td><td rowspan="2">1748857498822</td><td rowspan="2">456</td></tr><tr class="failedeven"><td><a href="#m1">appsMadeFieldValidationTest</a></td></tr><tr class="failedeven"><td><a href="#m2">measureProfileTest</a></td><td rowspan="12">1748857518172</td><td rowspan="12">6384</td></tr><tr class="failedeven"><td><a href="#m3">measureProfileTest</a></td></tr><tr class="failedeven"><td><a href="#m4">measureProfileTest</a></td></tr><tr class="failedeven"><td><a href="#m5">measureProfileTest</a></td></tr><tr class="failedeven"><td><a href="#m6">measureProfileTest</a></td></tr><tr class="failedeven"><td><a href="#m7">measureProfileTest</a></td></tr><tr class="failedeven"><td><a href="#m8">measureProfileTest</a></td></tr><tr class="failedeven"><td><a href="#m9">measureProfileTest</a></td></tr><tr class="failedeven"><td><a href="#m10">measureProfileTest</a></td></tr><tr class="failedeven"><td><a href="#m11">measureProfileTest</a></td></tr><tr class="failedeven"><td><a href="#m12">measureProfileTest</a></td></tr><tr class="failedeven"><td><a href="#m13">measureProfileTest</a></td></tr><tr class="failedeven"><td><a href="#m14">websitesDevelopedFieldValidationTest</a></td><td rowspan="2">1748857594881</td><td rowspan="2">342</td></tr><tr class="failedeven"><td><a href="#m15">websitesDevelopedFieldValidationTest</a></td></tr><tr class="failedodd"><td rowspan="3">app.vercel.devProfileEight.tests.TS03_PortfolioBtnValidation</td><td><a href="#m16">detailsEntryTestAndCreateProfile</a></td><td rowspan="3">1748857628853</td><td rowspan="3">1285</td></tr><tr class="failedodd"><td><a href="#m17">detailsEntryTestAndCreateProfile</a></td></tr><tr class="failedodd"><td><a href="#m18">detailsEntryTestAndCreateProfile</a></td></tr><tr class="failedeven"><td rowspan="3">app.vercel.devProfileEight.tests.TS04_PortfolioPageValidation</td><td><a href="#m19">backBtnValidation</a></td><td rowspan="3">1748857645642</td><td rowspan="3">151</td></tr><tr class="failedeven"><td><a href="#m20">backBtnValidation</a></td></tr><tr class="failedeven"><td><a href="#m21">backBtnValidation</a></td></tr><tr><th colspan="4">Edge Test &#8212; passed</th></tr><tr class="passedeven"><td rowspan="12">app.vercel.devProfileEight.tests.TS01_HomePageValidation</td><td><a href="#m22">appsMadeEnableCheck</a></td><td rowspan="1">1748857476859</td><td rowspan="1">449</td></tr><tr class="passedeven"><td><a href="#m23">checkWebTitle</a></td><td rowspan="1">1748857477444</td><td rowspan="1">187</td></tr><tr class="passedeven"><td><a href="#m24">createPortfolioBtnClickCheck</a></td><td rowspan="1">1748857477682</td><td rowspan="1">554</td></tr><tr class="passedeven"><td><a href="#m25">emailFieldEnableCheck</a></td><td rowspan="1">1748857478262</td><td rowspan="1">494</td></tr><tr class="passedeven"><td><a href="#m26">experienceFieldEnableCheck</a></td><td rowspan="1">1748857478822</td><td rowspan="1">833</td></tr><tr class="passedeven"><td><a href="#m27">headerCheck</a></td><td rowspan="1">1748857479673</td><td rowspan="1">231</td></tr><tr class="passedeven"><td><a href="#m28">jobTitleFieldEnableCheck</a></td><td rowspan="1">1748857479987</td><td rowspan="1">322</td></tr><tr class="passedeven"><td><a href="#m29">measureBtnClickCheck</a></td><td rowspan="1">1748857480405</td><td rowspan="1">460</td></tr><tr class="passedeven"><td><a href="#m30">nameFieldEnableCheck</a></td><td rowspan="1">1748857480885</td><td rowspan="1">312</td></tr><tr class="passedeven"><td><a href="#m31">skillsFieldEnableCheck</a></td><td rowspan="1">1748857481217</td><td rowspan="1">309</td></tr><tr class="passedeven"><td><a href="#m32">subTitleCheck</a></td><td rowspan="1">1748857481549</td><td rowspan="1">241</td></tr><tr class="passedeven"><td><a href="#m33">websitesDevelopedEnableCheck</a></td><td rowspan="1">1748857481803</td><td rowspan="1">220</td></tr><tr class="passedodd"><td rowspan="39">app.vercel.devProfileEight.tests.TS02_InputValidation</td><td><a href="#m34">appsMadeFieldValidationTest</a></td><td rowspan="5">1748857499982</td><td rowspan="5">382</td></tr><tr class="passedodd"><td><a href="#m35">appsMadeFieldValidationTest</a></td></tr><tr class="passedodd"><td><a href="#m36">appsMadeFieldValidationTest</a></td></tr><tr class="passedodd"><td><a href="#m37">appsMadeFieldValidationTest</a></td></tr><tr class="passedodd"><td><a href="#m38">appsMadeFieldValidationTest</a></td></tr><tr class="passedodd"><td><a href="#m39">emailFieldValidationTest</a></td><td rowspan="5">1748857502174</td><td rowspan="5">323</td></tr><tr class="passedodd"><td><a href="#m40">emailFieldValidationTest</a></td></tr><tr class="passedodd"><td><a href="#m41">emailFieldValidationTest</a></td></tr><tr class="passedodd"><td><a href="#m42">emailFieldValidationTest</a></td></tr><tr class="passedodd"><td><a href="#m43">emailFieldValidationTest</a></td></tr><tr class="passedodd"><td><a href="#m44">experienceFieldValidationTest</a></td><td rowspan="10">1748857504475</td><td rowspan="10">502</td></tr><tr class="passedodd"><td><a href="#m45">experienceFieldValidationTest</a></td></tr><tr class="passedodd"><td><a href="#m46">experienceFieldValidationTest</a></td></tr><tr class="passedodd"><td><a href="#m47">experienceFieldValidationTest</a></td></tr><tr class="passedodd"><td><a href="#m48">experienceFieldValidationTest</a></td></tr><tr class="passedodd"><td><a href="#m49">experienceFieldValidationTest</a></td></tr><tr class="passedodd"><td><a href="#m50">experienceFieldValidationTest</a></td></tr><tr class="passedodd"><td><a href="#m51">experienceFieldValidationTest</a></td></tr><tr class="passedodd"><td><a href="#m52">experienceFieldValidationTest</a></td></tr><tr class="passedodd"><td><a href="#m53">experienceFieldValidationTest</a></td></tr><tr class="passedodd"><td><a href="#m54">jobTitleFieldValidationTest</a></td><td rowspan="3">1748857511261</td><td rowspan="3">201</td></tr><tr class="passedodd"><td><a href="#m55">jobTitleFieldValidationTest</a></td></tr><tr class="passedodd"><td><a href="#m56">jobTitleFieldValidationTest</a></td></tr><tr class="passedodd"><td><a href="#m57">measureProfileTest</a></td><td rowspan="3">1748857583691</td><td rowspan="3">1212</td></tr><tr class="passedodd"><td><a href="#m58">measureProfileTest</a></td></tr><tr class="passedodd"><td><a href="#m59">measureProfileTest</a></td></tr><tr class="passedodd"><td><a href="#m60">nameFieldValidationTest</a></td><td rowspan="5">1748857591704</td><td rowspan="5">312</td></tr><tr class="passedodd"><td><a href="#m61">nameFieldValidationTest</a></td></tr><tr class="passedodd"><td><a href="#m62">nameFieldValidationTest</a></td></tr><tr class="passedodd"><td><a href="#m63">nameFieldValidationTest</a></td></tr><tr class="passedodd"><td><a href="#m64">nameFieldValidationTest</a></td></tr><tr class="passedodd"><td><a href="#m65">skillsFieldValidationTest</a></td><td rowspan="3">1748857593015</td><td rowspan="3">317</td></tr><tr class="passedodd"><td><a href="#m66">skillsFieldValidationTest</a></td></tr><tr class="passedodd"><td><a href="#m67">skillsFieldValidationTest</a></td></tr><tr class="passedodd"><td><a href="#m68">websitesDevelopedFieldValidationTest</a></td><td rowspan="5">1748857595799</td><td rowspan="5">302</td></tr><tr class="passedodd"><td><a href="#m69">websitesDevelopedFieldValidationTest</a></td></tr><tr class="passedodd"><td><a href="#m70">websitesDevelopedFieldValidationTest</a></td></tr><tr class="passedodd"><td><a href="#m71">websitesDevelopedFieldValidationTest</a></td></tr><tr class="passedodd"><td><a href="#m72">websitesDevelopedFieldValidationTest</a></td></tr><tr class="passedeven"><td rowspan="12">app.vercel.devProfileEight.tests.TS03_PortfolioBtnValidation</td><td><a href="#m73">detailsEntryTestAndCreateProfile</a></td><td rowspan="12">1748857608625</td><td rowspan="12">2343</td></tr><tr class="passedeven"><td><a href="#m74">detailsEntryTestAndCreateProfile</a></td></tr><tr class="passedeven"><td><a href="#m75">detailsEntryTestAndCreateProfile</a></td></tr><tr class="passedeven"><td><a href="#m76">detailsEntryTestAndCreateProfile</a></td></tr><tr class="passedeven"><td><a href="#m77">detailsEntryTestAndCreateProfile</a></td></tr><tr class="passedeven"><td><a href="#m78">detailsEntryTestAndCreateProfile</a></td></tr><tr class="passedeven"><td><a href="#m79">detailsEntryTestAndCreateProfile</a></td></tr><tr class="passedeven"><td><a href="#m80">detailsEntryTestAndCreateProfile</a></td></tr><tr class="passedeven"><td><a href="#m81">detailsEntryTestAndCreateProfile</a></td></tr><tr class="passedeven"><td><a href="#m82">detailsEntryTestAndCreateProfile</a></td></tr><tr class="passedeven"><td><a href="#m83">detailsEntryTestAndCreateProfile</a></td></tr><tr class="passedeven"><td><a href="#m84">detailsEntryTestAndCreateProfile</a></td></tr><tr class="passedodd"><td rowspan="3">app.vercel.devProfileEight.tests.TS04_PortfolioPageValidation</td><td><a href="#m85">avatarValidation</a></td><td rowspan="3">1748857639037</td><td rowspan="3">2882</td></tr><tr class="passedodd"><td><a href="#m86">avatarValidation</a></td></tr><tr class="passedodd"><td><a href="#m87">avatarValidation</a></td></tr></tbody>
<tbody id="t1"><tr><th colspan="4">Chrome Test &#8212; failed</th></tr><tr class="failedeven"><td rowspan="16">app.vercel.devProfileEight.tests.TS02_InputValidation</td><td><a href="#m88">appsMadeFieldValidationTest</a></td><td rowspan="2">1748857493164</td><td rowspan="2">273</td></tr><tr class="failedeven"><td><a href="#m89">appsMadeFieldValidationTest</a></td></tr><tr class="failedeven"><td><a href="#m90">measureProfileTest</a></td><td rowspan="12">1748857535588</td><td rowspan="12">79605</td></tr><tr class="failedeven"><td><a href="#m91">measureProfileTest</a></td></tr><tr class="failedeven"><td><a href="#m92">measureProfileTest</a></td></tr><tr class="failedeven"><td><a href="#m93">measureProfileTest</a></td></tr><tr class="failedeven"><td><a href="#m94">measureProfileTest</a></td></tr><tr class="failedeven"><td><a href="#m95">measureProfileTest</a></td></tr><tr class="failedeven"><td><a href="#m96">measureProfileTest</a></td></tr><tr class="failedeven"><td><a href="#m97">measureProfileTest</a></td></tr><tr class="failedeven"><td><a href="#m98">measureProfileTest</a></td></tr><tr class="failedeven"><td><a href="#m99">measureProfileTest</a></td></tr><tr class="failedeven"><td><a href="#m100">measureProfileTest</a></td></tr><tr class="failedeven"><td><a href="#m101">measureProfileTest</a></td></tr><tr class="failedeven"><td><a href="#m102">websitesDevelopedFieldValidationTest</a></td><td rowspan="2">1748857668670</td><td rowspan="2">203</td></tr><tr class="failedeven"><td><a href="#m103">websitesDevelopedFieldValidationTest</a></td></tr><tr class="failedodd"><td rowspan="3">app.vercel.devProfileEight.tests.TS03_PortfolioBtnValidation</td><td><a href="#m104">detailsEntryTestAndCreateProfile</a></td><td rowspan="3">1748857680012</td><td rowspan="3">1554</td></tr><tr class="failedodd"><td><a href="#m105">detailsEntryTestAndCreateProfile</a></td></tr><tr class="failedodd"><td><a href="#m106">detailsEntryTestAndCreateProfile</a></td></tr><tr class="failedeven"><td rowspan="3">app.vercel.devProfileEight.tests.TS04_PortfolioPageValidation</td><td><a href="#m107">backBtnValidation</a></td><td rowspan="3">1748857708586</td><td rowspan="3">97</td></tr><tr class="failedeven"><td><a href="#m108">backBtnValidation</a></td></tr><tr class="failedeven"><td><a href="#m109">backBtnValidation</a></td></tr><tr><th colspan="4">Chrome Test &#8212; passed</th></tr><tr class="passedeven"><td rowspan="12">app.vercel.devProfileEight.tests.TS01_HomePageValidation</td><td><a href="#m110">appsMadeEnableCheck</a></td><td rowspan="1">1748857474511</td><td rowspan="1">352</td></tr><tr class="passedeven"><td><a href="#m111">checkWebTitle</a></td><td rowspan="1">1748857475341</td><td rowspan="1">284</td></tr><tr class="passedeven"><td><a href="#m112">createPortfolioBtnClickCheck</a></td><td rowspan="1">1748857475659</td><td rowspan="1">316</td></tr><tr class="passedeven"><td><a href="#m113">emailFieldEnableCheck</a></td><td rowspan="1">1748857476013</td><td rowspan="1">359</td></tr><tr class="passedeven"><td><a href="#m114">experienceFieldEnableCheck</a></td><td rowspan="1">1748857476440</td><td rowspan="1">783</td></tr><tr class="passedeven"><td><a href="#m115">headerCheck</a></td><td rowspan="1">1748857477287</td><td rowspan="1">351</td></tr><tr class="passedeven"><td><a href="#m116">jobTitleFieldEnableCheck</a></td><td rowspan="1">1748857477684</td><td rowspan="1">567</td></tr><tr class="passedeven"><td><a href="#m117">measureBtnClickCheck</a></td><td rowspan="1">1748857478387</td><td rowspan="1">669</td></tr><tr class="passedeven"><td><a href="#m118">nameFieldEnableCheck</a></td><td rowspan="1">1748857479096</td><td rowspan="1">361</td></tr><tr class="passedeven"><td><a href="#m119">skillsFieldEnableCheck</a></td><td rowspan="1">1748857479474</td><td rowspan="1">350</td></tr><tr class="passedeven"><td><a href="#m120">subTitleCheck</a></td><td rowspan="1">1748857479864</td><td rowspan="1">188</td></tr><tr class="passedeven"><td><a href="#m121">websitesDevelopedEnableCheck</a></td><td rowspan="1">1748857480157</td><td rowspan="1">382</td></tr><tr class="passedodd"><td rowspan="39">app.vercel.devProfileEight.tests.TS02_InputValidation</td><td><a href="#m122">appsMadeFieldValidationTest</a></td><td rowspan="5">1748857494269</td><td rowspan="5">275</td></tr><tr class="passedodd"><td><a href="#m123">appsMadeFieldValidationTest</a></td></tr><tr class="passedodd"><td><a href="#m124">appsMadeFieldValidationTest</a></td></tr><tr class="passedodd"><td><a href="#m125">appsMadeFieldValidationTest</a></td></tr><tr class="passedodd"><td><a href="#m126">appsMadeFieldValidationTest</a></td></tr><tr class="passedodd"><td><a href="#m127">emailFieldValidationTest</a></td><td rowspan="5">1748857497125</td><td rowspan="5">294</td></tr><tr class="passedodd"><td><a href="#m128">emailFieldValidationTest</a></td></tr><tr class="passedodd"><td><a href="#m129">emailFieldValidationTest</a></td></tr><tr class="passedodd"><td><a href="#m130">emailFieldValidationTest</a></td></tr><tr class="passedodd"><td><a href="#m131">emailFieldValidationTest</a></td></tr><tr class="passedodd"><td><a href="#m132">experienceFieldValidationTest</a></td><td rowspan="10">1748857505361</td><td rowspan="10">829</td></tr><tr class="passedodd"><td><a href="#m133">experienceFieldValidationTest</a></td></tr><tr class="passedodd"><td><a href="#m134">experienceFieldValidationTest</a></td></tr><tr class="passedodd"><td><a href="#m135">experienceFieldValidationTest</a></td></tr><tr class="passedodd"><td><a href="#m136">experienceFieldValidationTest</a></td></tr><tr class="passedodd"><td><a href="#m137">experienceFieldValidationTest</a></td></tr><tr class="passedodd"><td><a href="#m138">experienceFieldValidationTest</a></td></tr><tr class="passedodd"><td><a href="#m139">experienceFieldValidationTest</a></td></tr><tr class="passedodd"><td><a href="#m140">experienceFieldValidationTest</a></td></tr><tr class="passedodd"><td><a href="#m141">experienceFieldValidationTest</a></td></tr><tr class="passedodd"><td><a href="#m142">jobTitleFieldValidationTest</a></td><td rowspan="3">1748857506996</td><td rowspan="3">311</td></tr><tr class="passedodd"><td><a href="#m143">jobTitleFieldValidationTest</a></td></tr><tr class="passedodd"><td><a href="#m144">jobTitleFieldValidationTest</a></td></tr><tr class="passedodd"><td><a href="#m145">measureProfileTest</a></td><td rowspan="3">1748857658970</td><td rowspan="3">887</td></tr><tr class="passedodd"><td><a href="#m146">measureProfileTest</a></td></tr><tr class="passedodd"><td><a href="#m147">measureProfileTest</a></td></tr><tr class="passedodd"><td><a href="#m148">nameFieldValidationTest</a></td><td rowspan="5">1748857666140</td><td rowspan="5">211</td></tr><tr class="passedodd"><td><a href="#m149">nameFieldValidationTest</a></td></tr><tr class="passedodd"><td><a href="#m150">nameFieldValidationTest</a></td></tr><tr class="passedodd"><td><a href="#m151">nameFieldValidationTest</a></td></tr><tr class="passedodd"><td><a href="#m152">nameFieldValidationTest</a></td></tr><tr class="passedodd"><td><a href="#m153">skillsFieldValidationTest</a></td><td rowspan="3">1748857667774</td><td rowspan="3">362</td></tr><tr class="passedodd"><td><a href="#m154">skillsFieldValidationTest</a></td></tr><tr class="passedodd"><td><a href="#m155">skillsFieldValidationTest</a></td></tr><tr class="passedodd"><td><a href="#m156">websitesDevelopedFieldValidationTest</a></td><td rowspan="5">1748857669702</td><td rowspan="5">184</td></tr><tr class="passedodd"><td><a href="#m157">websitesDevelopedFieldValidationTest</a></td></tr><tr class="passedodd"><td><a href="#m158">websitesDevelopedFieldValidationTest</a></td></tr><tr class="passedodd"><td><a href="#m159">websitesDevelopedFieldValidationTest</a></td></tr><tr class="passedodd"><td><a href="#m160">websitesDevelopedFieldValidationTest</a></td></tr><tr class="passedeven"><td rowspan="12">app.vercel.devProfileEight.tests.TS03_PortfolioBtnValidation</td><td><a href="#m161">detailsEntryTestAndCreateProfile</a></td><td rowspan="12">1748857694627</td><td rowspan="12">1133</td></tr><tr class="passedeven"><td><a href="#m162">detailsEntryTestAndCreateProfile</a></td></tr><tr class="passedeven"><td><a href="#m163">detailsEntryTestAndCreateProfile</a></td></tr><tr class="passedeven"><td><a href="#m164">detailsEntryTestAndCreateProfile</a></td></tr><tr class="passedeven"><td><a href="#m165">detailsEntryTestAndCreateProfile</a></td></tr><tr class="passedeven"><td><a href="#m166">detailsEntryTestAndCreateProfile</a></td></tr><tr class="passedeven"><td><a href="#m167">detailsEntryTestAndCreateProfile</a></td></tr><tr class="passedeven"><td><a href="#m168">detailsEntryTestAndCreateProfile</a></td></tr><tr class="passedeven"><td><a href="#m169">detailsEntryTestAndCreateProfile</a></td></tr><tr class="passedeven"><td><a href="#m170">detailsEntryTestAndCreateProfile</a></td></tr><tr class="passedeven"><td><a href="#m171">detailsEntryTestAndCreateProfile</a></td></tr><tr class="passedeven"><td><a href="#m172">detailsEntryTestAndCreateProfile</a></td></tr><tr class="passedodd"><td rowspan="3">app.vercel.devProfileEight.tests.TS04_PortfolioPageValidation</td><td><a href="#m173">avatarValidation</a></td><td rowspan="3">1748857703523</td><td rowspan="3">1526</td></tr><tr class="passedodd"><td><a href="#m174">avatarValidation</a></td></tr><tr class="passedodd"><td><a href="#m175">avatarValidation</a></td></tr></tbody>
</table>
<h2>Edge Test</h2><h3 id="m0">app.vercel.devProfileEight.tests.TS02_InputValidation#appsMadeFieldValidationTest</h3><table class="result"><tr class="param"><th>Parameter #1</th></tr><tr class="param stripe"><td>4.8</td></tr><tr><th>Exception</th></tr><tr><td><div class="stacktrace">java.lang.AssertionError: Apps Made Input field is allowing Invalid input did not expect [4.8] but found [4.8]
	at app.vercel.devProfileEight.tests.TS02_InputValidation.appsMadeFieldValidationTest(TS02_InputValidation.java:94)
	at java.base/java.util.ArrayList.forEach(ArrayList.java:1596)
	at java.base/java.util.concurrent.FutureTask.run(FutureTask.java:317)
	at java.base/java.util.concurrent.ThreadPoolExecutor.runWorker(ThreadPoolExecutor.java:1144)
	at java.base/java.util.concurrent.ThreadPoolExecutor$Worker.run(ThreadPoolExecutor.java:642)
	at java.base/java.lang.Thread.run(Thread.java:1583)
... Removed 19 stack frames</div></td></tr></table><p class="totop"><a href="#summary">back to summary</a></p>
<h3 id="m1">app.vercel.devProfileEight.tests.TS02_InputValidation#appsMadeFieldValidationTest</h3><table class="result"><tr class="param"><th>Parameter #1</th></tr><tr class="param stripe"><td>-3</td></tr><tr><th>Exception</th></tr><tr><td><div class="stacktrace">java.lang.AssertionError: Apps Made Input field is allowing Invalid input did not expect [-3] but found [-3]
	at app.vercel.devProfileEight.tests.TS02_InputValidation.appsMadeFieldValidationTest(TS02_InputValidation.java:94)
	at java.base/java.util.ArrayList.forEach(ArrayList.java:1596)
	at java.base/java.util.concurrent.FutureTask.run(FutureTask.java:317)
	at java.base/java.util.concurrent.ThreadPoolExecutor.runWorker(ThreadPoolExecutor.java:1144)
	at java.base/java.util.concurrent.ThreadPoolExecutor$Worker.run(ThreadPoolExecutor.java:642)
	at java.base/java.lang.Thread.run(Thread.java:1583)
... Removed 19 stack frames</div></td></tr></table><p class="totop"><a href="#summary">back to summary</a></p>
<h3 id="m2">app.vercel.devProfileEight.tests.TS02_InputValidation#measureProfileTest</h3><table class="result"><tr class="param"><th>Parameter #1</th><th>Parameter #2</th><th>Parameter #3</th><th>Parameter #4</th><th>Parameter #5</th><th>Parameter #6</th><th>Parameter #7</th><th>Parameter #8</th></tr><tr class="param stripe"><td>Prasanna</td><td>prasanna@gmail.com</td><td>6</td><td>Senior Developer</td><td>18.5</td><td>3.9</td><td>Java , Python , C# , Ruby</td><td>FALSE</td></tr><tr><th colspan="8">Exception</th></tr><tr><td colspan="8"><div class="stacktrace">java.lang.AssertionError: Alert is not raised even if the details are not valid expected [true] but found [false]
	at app.vercel.devProfileEight.tests.TS02_InputValidation.measureProfileTest(TS02_InputValidation.java:137)
	at java.base/java.util.ArrayList.forEach(ArrayList.java:1596)
	at java.base/java.util.concurrent.FutureTask.run(FutureTask.java:317)
	at java.base/java.util.concurrent.ThreadPoolExecutor.runWorker(ThreadPoolExecutor.java:1144)
	at java.base/java.util.concurrent.ThreadPoolExecutor$Worker.run(ThreadPoolExecutor.java:642)
	at java.base/java.lang.Thread.run(Thread.java:1583)
... Removed 18 stack frames</div></td></tr></table><p class="totop"><a href="#summary">back to summary</a></p>
<h3 id="m3">app.vercel.devProfileEight.tests.TS02_InputValidation#measureProfileTest</h3><table class="result"><tr class="param"><th>Parameter #1</th><th>Parameter #2</th><th>Parameter #3</th><th>Parameter #4</th><th>Parameter #5</th><th>Parameter #6</th><th>Parameter #7</th><th>Parameter #8</th></tr><tr class="param stripe"><td>Jeremiah</td><td>jere1774@gmail.com</td><td>3</td><td>Programmer Analyst</td><td>-5</td><td>-2</td><td>C,C++,Java,Node,Express</td><td>FALSE</td></tr><tr><th colspan="8">Exception</th></tr><tr><td colspan="8"><div class="stacktrace">java.lang.AssertionError: Alert is not raised even if the details are not valid expected [true] but found [false]
	at app.vercel.devProfileEight.tests.TS02_InputValidation.measureProfileTest(TS02_InputValidation.java:137)
	at java.base/java.util.ArrayList.forEach(ArrayList.java:1596)
	at java.base/java.util.concurrent.FutureTask.run(FutureTask.java:317)
	at java.base/java.util.concurrent.ThreadPoolExecutor.runWorker(ThreadPoolExecutor.java:1144)
	at java.base/java.util.concurrent.ThreadPoolExecutor$Worker.run(ThreadPoolExecutor.java:642)
	at java.base/java.lang.Thread.run(Thread.java:1583)
... Removed 18 stack frames</div></td></tr></table><p class="totop"><a href="#summary">back to summary</a></p>
<h3 id="m4">app.vercel.devProfileEight.tests.TS02_InputValidation#measureProfileTest</h3><table class="result"><tr class="param"><th>Parameter #1</th><th>Parameter #2</th><th>Parameter #3</th><th>Parameter #4</th><th>Parameter #5</th><th>Parameter #6</th><th>Parameter #7</th><th>Parameter #8</th></tr><tr class="param stripe"><td></td><td>jere1774@gmail.com</td><td>3</td><td>Programmer Analyst</td><td>5</td><td>2</td><td>C,C++,Java,Node,Express</td><td>FALSE</td></tr><tr><th colspan="8">Exception</th></tr><tr><td colspan="8"><div class="stacktrace">java.lang.AssertionError: Alert is not raised even if the details are not valid expected [true] but found [false]
	at app.vercel.devProfileEight.tests.TS02_InputValidation.measureProfileTest(TS02_InputValidation.java:137)
	at java.base/java.util.ArrayList.forEach(ArrayList.java:1596)
	at java.base/java.util.concurrent.FutureTask.run(FutureTask.java:317)
	at java.base/java.util.concurrent.ThreadPoolExecutor.runWorker(ThreadPoolExecutor.java:1144)
	at java.base/java.util.concurrent.ThreadPoolExecutor$Worker.run(ThreadPoolExecutor.java:642)
	at java.base/java.lang.Thread.run(Thread.java:1583)
... Removed 18 stack frames</div></td></tr></table><p class="totop"><a href="#summary">back to summary</a></p>
<h3 id="m5">app.vercel.devProfileEight.tests.TS02_InputValidation#measureProfileTest</h3><table class="result"><tr class="param"><th>Parameter #1</th><th>Parameter #2</th><th>Parameter #3</th><th>Parameter #4</th><th>Parameter #5</th><th>Parameter #6</th><th>Parameter #7</th><th>Parameter #8</th></tr><tr class="param stripe"><td>Maha</td><td>9442385</td><td>2</td><td>SDE</td><td>6</td><td>1</td><td>JS , Java , React , Python</td><td>FALSE</td></tr><tr><th colspan="8">Exception</th></tr><tr><td colspan="8"><div class="stacktrace">java.lang.AssertionError: Alert is not raised even if the details are not valid expected [true] but found [false]
	at app.vercel.devProfileEight.tests.TS02_InputValidation.measureProfileTest(TS02_InputValidation.java:137)
	at java.base/java.util.ArrayList.forEach(ArrayList.java:1596)
	at java.base/java.util.concurrent.FutureTask.run(FutureTask.java:317)
	at java.base/java.util.concurrent.ThreadPoolExecutor.runWorker(ThreadPoolExecutor.java:1144)
	at java.base/java.util.concurrent.ThreadPoolExecutor$Worker.run(ThreadPoolExecutor.java:642)
	at java.base/java.lang.Thread.run(Thread.java:1583)
... Removed 18 stack frames</div></td></tr></table><p class="totop"><a href="#summary">back to summary</a></p>
<h3 id="m6">app.vercel.devProfileEight.tests.TS02_InputValidation#measureProfileTest</h3><table class="result"><tr class="param"><th>Parameter #1</th><th>Parameter #2</th><th>Parameter #3</th><th>Parameter #4</th><th>Parameter #5</th><th>Parameter #6</th><th>Parameter #7</th><th>Parameter #8</th></tr><tr class="param stripe"><td>Jeremiah</td><td></td><td>3</td><td>Programmer Analyst</td><td>5</td><td>2</td><td>C,C++,Java,Node,Express</td><td>FALSE</td></tr><tr><th colspan="8">Exception</th></tr><tr><td colspan="8"><div class="stacktrace">java.lang.AssertionError: Alert is not raised even if the details are not valid expected [true] but found [false]
	at app.vercel.devProfileEight.tests.TS02_InputValidation.measureProfileTest(TS02_InputValidation.java:137)
	at java.base/java.util.ArrayList.forEach(ArrayList.java:1596)
	at java.base/java.util.concurrent.FutureTask.run(FutureTask.java:317)
	at java.base/java.util.concurrent.ThreadPoolExecutor.runWorker(ThreadPoolExecutor.java:1144)
	at java.base/java.util.concurrent.ThreadPoolExecutor$Worker.run(ThreadPoolExecutor.java:642)
	at java.base/java.lang.Thread.run(Thread.java:1583)
... Removed 18 stack frames</div></td></tr></table><p class="totop"><a href="#summary">back to summary</a></p>
<h3 id="m7">app.vercel.devProfileEight.tests.TS02_InputValidation#measureProfileTest</h3><table class="result"><tr class="param"><th>Parameter #1</th><th>Parameter #2</th><th>Parameter #3</th><th>Parameter #4</th><th>Parameter #5</th><th>Parameter #6</th><th>Parameter #7</th><th>Parameter #8</th></tr><tr class="param stripe"><td>12345</td><td>xzy@gmail.com</td><td>3</td><td>98765</td><td>5</td><td>4</td><td>$$$$$$$$$$$$</td><td>FALSE</td></tr><tr><th colspan="8">Exception</th></tr><tr><td colspan="8"><div class="stacktrace">java.lang.AssertionError: Alert is not raised even if the details are not valid expected [true] but found [false]
	at app.vercel.devProfileEight.tests.TS02_InputValidation.measureProfileTest(TS02_InputValidation.java:137)
	at java.base/java.util.ArrayList.forEach(ArrayList.java:1596)
	at java.base/java.util.concurrent.FutureTask.run(FutureTask.java:317)
	at java.base/java.util.concurrent.ThreadPoolExecutor.runWorker(ThreadPoolExecutor.java:1144)
	at java.base/java.util.concurrent.ThreadPoolExecutor$Worker.run(ThreadPoolExecutor.java:642)
	at java.base/java.lang.Thread.run(Thread.java:1583)
... Removed 18 stack frames</div></td></tr></table><p class="totop"><a href="#summary">back to summary</a></p>
<h3 id="m8">app.vercel.devProfileEight.tests.TS02_InputValidation#measureProfileTest</h3><table class="result"><tr class="param"><th>Parameter #1</th><th>Parameter #2</th><th>Parameter #3</th><th>Parameter #4</th><th>Parameter #5</th><th>Parameter #6</th><th>Parameter #7</th><th>Parameter #8</th></tr><tr class="param stripe"><td>Jeremiah@@987</td><td>jere1774@gmail.com</td><td>3</td><td>Programmer Analyst</td><td>5</td><td>2</td><td>C,C++,Java,Node,Express</td><td>FALSE</td></tr><tr><th colspan="8">Exception</th></tr><tr><td colspan="8"><div class="stacktrace">java.lang.AssertionError: Alert is not raised even if the details are not valid expected [true] but found [false]
	at app.vercel.devProfileEight.tests.TS02_InputValidation.measureProfileTest(TS02_InputValidation.java:137)
	at java.base/java.util.ArrayList.forEach(ArrayList.java:1596)
	at java.base/java.util.concurrent.FutureTask.run(FutureTask.java:317)
	at java.base/java.util.concurrent.ThreadPoolExecutor.runWorker(ThreadPoolExecutor.java:1144)
	at java.base/java.util.concurrent.ThreadPoolExecutor$Worker.run(ThreadPoolExecutor.java:642)
	at java.base/java.lang.Thread.run(Thread.java:1583)
... Removed 18 stack frames</div></td></tr></table><p class="totop"><a href="#summary">back to summary</a></p>
<h3 id="m9">app.vercel.devProfileEight.tests.TS02_InputValidation#measureProfileTest</h3><table class="result"><tr class="param"><th>Parameter #1</th><th>Parameter #2</th><th>Parameter #3</th><th>Parameter #4</th><th>Parameter #5</th><th>Parameter #6</th><th>Parameter #7</th><th>Parameter #8</th></tr><tr class="param stripe"><td>Jeremiah</td><td>jere1774@gmail.com</td><td>3</td><td>Programmer Analyst</td><td></td><td>2</td><td>C,C++,Java,Node,Express</td><td>FALSE</td></tr><tr><th colspan="8">Exception</th></tr><tr><td colspan="8"><div class="stacktrace">java.lang.AssertionError: Alert is not raised even if the details are not valid expected [true] but found [false]
	at app.vercel.devProfileEight.tests.TS02_InputValidation.measureProfileTest(TS02_InputValidation.java:137)
	at java.base/java.util.ArrayList.forEach(ArrayList.java:1596)
	at java.base/java.util.concurrent.FutureTask.run(FutureTask.java:317)
	at java.base/java.util.concurrent.ThreadPoolExecutor.runWorker(ThreadPoolExecutor.java:1144)
	at java.base/java.util.concurrent.ThreadPoolExecutor$Worker.run(ThreadPoolExecutor.java:642)
	at java.base/java.lang.Thread.run(Thread.java:1583)
... Removed 18 stack frames</div></td></tr></table><p class="totop"><a href="#summary">back to summary</a></p>
<h3 id="m10">app.vercel.devProfileEight.tests.TS02_InputValidation#measureProfileTest</h3><table class="result"><tr class="param"><th>Parameter #1</th><th>Parameter #2</th><th>Parameter #3</th><th>Parameter #4</th><th>Parameter #5</th><th>Parameter #6</th><th>Parameter #7</th><th>Parameter #8</th></tr><tr class="param stripe"><td>Jeremiah</td><td>jere1774@gmail.com</td><td>3</td><td>Programmer Analyst</td><td>5</td><td></td><td>C,C++,Java,Node,Express</td><td>FALSE</td></tr><tr><th colspan="8">Exception</th></tr><tr><td colspan="8"><div class="stacktrace">java.lang.AssertionError: Alert is not raised even if the details are not valid expected [true] but found [false]
	at app.vercel.devProfileEight.tests.TS02_InputValidation.measureProfileTest(TS02_InputValidation.java:137)
	at java.base/java.util.ArrayList.forEach(ArrayList.java:1596)
	at java.base/java.util.concurrent.FutureTask.run(FutureTask.java:317)
	at java.base/java.util.concurrent.ThreadPoolExecutor.runWorker(ThreadPoolExecutor.java:1144)
	at java.base/java.util.concurrent.ThreadPoolExecutor$Worker.run(ThreadPoolExecutor.java:642)
	at java.base/java.lang.Thread.run(Thread.java:1583)
... Removed 18 stack frames</div></td></tr></table><p class="totop"><a href="#summary">back to summary</a></p>
<h3 id="m11">app.vercel.devProfileEight.tests.TS02_InputValidation#measureProfileTest</h3><table class="result"><tr class="param"><th>Parameter #1</th><th>Parameter #2</th><th>Parameter #3</th><th>Parameter #4</th><th>Parameter #5</th><th>Parameter #6</th><th>Parameter #7</th><th>Parameter #8</th></tr><tr class="param stripe"><td>Steven</td><td>steven345@gmail.com</td><td>5</td><td>SDE</td><td>b</td><td>c</td><td>Java , Python , C# </td><td>FALSE</td></tr><tr><th colspan="8">Exception</th></tr><tr><td colspan="8"><div class="stacktrace">java.lang.AssertionError: Alert is not raised even if the details are not valid expected [true] but found [false]
	at app.vercel.devProfileEight.tests.TS02_InputValidation.measureProfileTest(TS02_InputValidation.java:137)
	at java.base/java.util.ArrayList.forEach(ArrayList.java:1596)
	at java.base/java.util.concurrent.FutureTask.run(FutureTask.java:317)
	at java.base/java.util.concurrent.ThreadPoolExecutor.runWorker(ThreadPoolExecutor.java:1144)
	at java.base/java.util.concurrent.ThreadPoolExecutor$Worker.run(ThreadPoolExecutor.java:642)
	at java.base/java.lang.Thread.run(Thread.java:1583)
... Removed 18 stack frames</div></td></tr></table><p class="totop"><a href="#summary">back to summary</a></p>
<h3 id="m12">app.vercel.devProfileEight.tests.TS02_InputValidation#measureProfileTest</h3><table class="result"><tr class="param"><th>Parameter #1</th><th>Parameter #2</th><th>Parameter #3</th><th>Parameter #4</th><th>Parameter #5</th><th>Parameter #6</th><th>Parameter #7</th><th>Parameter #8</th></tr><tr class="param stripe"><td>Jeremiah</td><td>jere1774@gmail.com</td><td>3</td><td></td><td>5</td><td>2</td><td>C,C++,Java,Node,Express</td><td>FALSE</td></tr><tr><th colspan="8">Exception</th></tr><tr><td colspan="8"><div class="stacktrace">java.lang.AssertionError: Alert is not raised even if the details are not valid expected [true] but found [false]
	at app.vercel.devProfileEight.tests.TS02_InputValidation.measureProfileTest(TS02_InputValidation.java:137)
	at java.base/java.util.ArrayList.forEach(ArrayList.java:1596)
	at java.base/java.util.concurrent.FutureTask.run(FutureTask.java:317)
	at java.base/java.util.concurrent.ThreadPoolExecutor.runWorker(ThreadPoolExecutor.java:1144)
	at java.base/java.util.concurrent.ThreadPoolExecutor$Worker.run(ThreadPoolExecutor.java:642)
	at java.base/java.lang.Thread.run(Thread.java:1583)
... Removed 18 stack frames</div></td></tr></table><p class="totop"><a href="#summary">back to summary</a></p>
<h3 id="m13">app.vercel.devProfileEight.tests.TS02_InputValidation#measureProfileTest</h3><table class="result"><tr class="param"><th>Parameter #1</th><th>Parameter #2</th><th>Parameter #3</th><th>Parameter #4</th><th>Parameter #5</th><th>Parameter #6</th><th>Parameter #7</th><th>Parameter #8</th></tr><tr class="param stripe"><td>Jeremiah987</td><td>jere1774@gmail.com</td><td>3</td><td>Programmer Analyst</td><td>5</td><td>2</td><td>C,C++,Java,Node,Express</td><td>FALSE</td></tr><tr><th colspan="8">Exception</th></tr><tr><td colspan="8"><div class="stacktrace">java.lang.AssertionError: Alert is not raised even if the details are not valid expected [true] but found [false]
	at app.vercel.devProfileEight.tests.TS02_InputValidation.measureProfileTest(TS02_InputValidation.java:137)
	at java.base/java.util.ArrayList.forEach(ArrayList.java:1596)
	at java.base/java.util.concurrent.FutureTask.run(FutureTask.java:317)
	at java.base/java.util.concurrent.ThreadPoolExecutor.runWorker(ThreadPoolExecutor.java:1144)
	at java.base/java.util.concurrent.ThreadPoolExecutor$Worker.run(ThreadPoolExecutor.java:642)
	at java.base/java.lang.Thread.run(Thread.java:1583)
... Removed 18 stack frames</div></td></tr></table><p class="totop"><a href="#summary">back to summary</a></p>
<h3 id="m14">app.vercel.devProfileEight.tests.TS02_InputValidation#websitesDevelopedFieldValidationTest</h3><table class="result"><tr class="param"><th>Parameter #1</th></tr><tr class="param stripe"><td>4.8</td></tr><tr><th>Exception</th></tr><tr><td><div class="stacktrace">java.lang.AssertionError: Websites Developed Input field is allowing Invalid input did not expect [4.8] but found [4.8]
	at app.vercel.devProfileEight.tests.TS02_InputValidation.websitesDevelopedFieldValidationTest(TS02_InputValidation.java:76)
	at java.base/java.util.ArrayList.forEach(ArrayList.java:1596)
	at java.base/java.util.concurrent.FutureTask.run(FutureTask.java:317)
	at java.base/java.util.concurrent.ThreadPoolExecutor.runWorker(ThreadPoolExecutor.java:1144)
	at java.base/java.util.concurrent.ThreadPoolExecutor$Worker.run(ThreadPoolExecutor.java:642)
	at java.base/java.lang.Thread.run(Thread.java:1583)
... Removed 19 stack frames</div></td></tr></table><p class="totop"><a href="#summary">back to summary</a></p>
<h3 id="m15">app.vercel.devProfileEight.tests.TS02_InputValidation#websitesDevelopedFieldValidationTest</h3><table class="result"><tr class="param"><th>Parameter #1</th></tr><tr class="param stripe"><td>-3</td></tr><tr><th>Exception</th></tr><tr><td><div class="stacktrace">java.lang.AssertionError: Websites Developed Input field is allowing Invalid input did not expect [-3] but found [-3]
	at app.vercel.devProfileEight.tests.TS02_InputValidation.websitesDevelopedFieldValidationTest(TS02_InputValidation.java:76)
	at java.base/java.util.ArrayList.forEach(ArrayList.java:1596)
	at java.base/java.util.concurrent.FutureTask.run(FutureTask.java:317)
	at java.base/java.util.concurrent.ThreadPoolExecutor.runWorker(ThreadPoolExecutor.java:1144)
	at java.base/java.util.concurrent.ThreadPoolExecutor$Worker.run(ThreadPoolExecutor.java:642)
	at java.base/java.lang.Thread.run(Thread.java:1583)
... Removed 19 stack frames</div></td></tr></table><p class="totop"><a href="#summary">back to summary</a></p>
<h3 id="m16">app.vercel.devProfileEight.tests.TS03_PortfolioBtnValidation#detailsEntryTestAndCreateProfile</h3><table class="result"><tr class="param"><th>Parameter #1</th><th>Parameter #2</th><th>Parameter #3</th><th>Parameter #4</th><th>Parameter #5</th><th>Parameter #6</th><th>Parameter #7</th><th>Parameter #8</th></tr><tr class="param stripe"><td>Jeremiah@@987</td><td>jere1774@gmail.com</td><td>3</td><td>Programmer Analyst</td><td>5</td><td>2</td><td>C,C++,Java,Node,Express</td><td>FALSE</td></tr><tr><th colspan="8">Exception</th></tr><tr><td colspan="8"><div class="stacktrace">java.lang.AssertionError: Invalid details entered still creating portifolio and navigating to portifolio page expected [true] but found [false]
	at app.vercel.devProfileEight.tests.TS03_PortfolioBtnValidation.detailsEntryTestAndCreateProfile(TS03_PortfolioBtnValidation.java:38)
	at java.base/java.util.ArrayList.forEach(ArrayList.java:1596)
	at java.base/java.util.concurrent.FutureTask.run(FutureTask.java:317)
	at java.base/java.util.concurrent.ThreadPoolExecutor.runWorker(ThreadPoolExecutor.java:1144)
	at java.base/java.util.concurrent.ThreadPoolExecutor$Worker.run(ThreadPoolExecutor.java:642)
	at java.base/java.lang.Thread.run(Thread.java:1583)
... Removed 18 stack frames</div></td></tr></table><p class="totop"><a href="#summary">back to summary</a></p>
<h3 id="m17">app.vercel.devProfileEight.tests.TS03_PortfolioBtnValidation#detailsEntryTestAndCreateProfile</h3><table class="result"><tr class="param"><th>Parameter #1</th><th>Parameter #2</th><th>Parameter #3</th><th>Parameter #4</th><th>Parameter #5</th><th>Parameter #6</th><th>Parameter #7</th><th>Parameter #8</th></tr><tr class="param stripe"><td>Jeremiah987</td><td>jere1774@gmail.com</td><td>3</td><td>Programmer Analyst</td><td>5</td><td>2</td><td>C,C++,Java,Node,Express</td><td>FALSE</td></tr><tr><th colspan="8">Exception</th></tr><tr><td colspan="8"><div class="stacktrace">java.lang.AssertionError: Invalid details entered still creating portifolio and navigating to portifolio page expected [true] but found [false]
	at app.vercel.devProfileEight.tests.TS03_PortfolioBtnValidation.detailsEntryTestAndCreateProfile(TS03_PortfolioBtnValidation.java:38)
	at java.base/java.util.ArrayList.forEach(ArrayList.java:1596)
	at java.base/java.util.concurrent.FutureTask.run(FutureTask.java:317)
	at java.base/java.util.concurrent.ThreadPoolExecutor.runWorker(ThreadPoolExecutor.java:1144)
	at java.base/java.util.concurrent.ThreadPoolExecutor$Worker.run(ThreadPoolExecutor.java:642)
	at java.base/java.lang.Thread.run(Thread.java:1583)
... Removed 18 stack frames</div></td></tr></table><p class="totop"><a href="#summary">back to summary</a></p>
<h3 id="m18">app.vercel.devProfileEight.tests.TS03_PortfolioBtnValidation#detailsEntryTestAndCreateProfile</h3><table class="result"><tr class="param"><th>Parameter #1</th><th>Parameter #2</th><th>Parameter #3</th><th>Parameter #4</th><th>Parameter #5</th><th>Parameter #6</th><th>Parameter #7</th><th>Parameter #8</th></tr><tr class="param stripe"><td>12345</td><td>xzy@gmail.com</td><td>3</td><td>98765</td><td>5</td><td>4</td><td>$$$$$$$$$$$$</td><td>FALSE</td></tr><tr><th colspan="8">Exception</th></tr><tr><td colspan="8"><div class="stacktrace">java.lang.AssertionError: Invalid details entered still creating portifolio and navigating to portifolio page expected [true] but found [false]
	at app.vercel.devProfileEight.tests.TS03_PortfolioBtnValidation.detailsEntryTestAndCreateProfile(TS03_PortfolioBtnValidation.java:38)
	at java.base/java.util.ArrayList.forEach(ArrayList.java:1596)
	at java.base/java.util.concurrent.FutureTask.run(FutureTask.java:317)
	at java.base/java.util.concurrent.ThreadPoolExecutor.runWorker(ThreadPoolExecutor.java:1144)
	at java.base/java.util.concurrent.ThreadPoolExecutor$Worker.run(ThreadPoolExecutor.java:642)
	at java.base/java.lang.Thread.run(Thread.java:1583)
... Removed 18 stack frames</div></td></tr></table><p class="totop"><a href="#summary">back to summary</a></p>
<h3 id="m19">app.vercel.devProfileEight.tests.TS04_PortfolioPageValidation#backBtnValidation</h3><table class="result"><tr class="param"><th>Parameter #1</th><th>Parameter #2</th><th>Parameter #3</th><th>Parameter #4</th><th>Parameter #5</th><th>Parameter #6</th><th>Parameter #7</th></tr><tr class="param stripe"><td>Aravind</td><td>aravind@gmail.com</td><td>3</td><td>Senior Asscoiate</td><td>22</td><td>13</td><td>Mongo DB, MySQL,Spring, react.js</td></tr><tr><th colspan="7">Exception</th></tr><tr><td colspan="7"><div class="stacktrace">org.openqa.selenium.NoSuchElementException: no such element: Unable to locate element: {&quot;method&quot;:&quot;xpath&quot;,&quot;selector&quot;:&quot;//a[@class=&apos;btn btn-back&apos;]&quot;}
  (Session info: MicrosoftEdge=136.0.3240.92)
For documentation on this error, please visit: https://www.selenium.dev/documentation/webdriver/troubleshooting/errors#no-such-element-exception
Build info: version: &apos;4.32.0&apos;, revision: &apos;d17c8aa950&apos;
System info: os.name: &apos;Windows 11&apos;, os.arch: &apos;amd64&apos;, os.version: &apos;10.0&apos;, java.version: &apos;21.0.5&apos;
Driver info: org.openqa.selenium.edge.EdgeDriver
Command: [76467a169684ebe8d43fe83f54d1b0aa, findElement {using=xpath, value=//a[@class=&apos;btn btn-back&apos;]}]
Capabilities {acceptInsecureCerts: false, browserName: MicrosoftEdge, browserVersion: 136.0.3240.92, fedcm:accounts: true, ms:edgeOptions: {debuggerAddress: localhost:61544}, msedge: {msedgedriverVersion: 136.0.3240.104 (6a705373902..., userDataDir: C:\Windows\SystemTemp\scope...}, networkConnectionEnabled: false, pageLoadStrategy: normal, platformName: windows, proxy: Proxy(), se:cdp: ws://localhost:61544/devtoo..., se:cdpVersion: 136.0.3240.92, setWindowRect: true, strictFileInteractability: false, timeouts: {implicit: 0, pageLoad: 300000, script: 30000}, unhandledPromptBehavior: dismiss and notify, webauthn:extension:credBlob: true, webauthn:extension:largeBlob: true, webauthn:extension:minPinLength: true, webauthn:extension:prf: true, webauthn:virtualAuthenticators: true}
Session ID: 76467a169684ebe8d43fe83f54d1b0aa
	at org.openqa.selenium.remote.ErrorCodec.decode(ErrorCodec.java:167)
	at org.openqa.selenium.remote.codec.w3c.W3CHttpResponseCodec.decode(W3CHttpResponseCodec.java:138)
	at org.openqa.selenium.remote.codec.w3c.W3CHttpResponseCodec.decode(W3CHttpResponseCodec.java:50)
	at org.openqa.selenium.remote.HttpCommandExecutor.execute(HttpCommandExecutor.java:215)
	at org.openqa.selenium.remote.service.DriverCommandExecutor.invokeExecute(DriverCommandExecutor.java:216)
	at org.openqa.selenium.remote.service.DriverCommandExecutor.execute(DriverCommandExecutor.java:174)
	at org.openqa.selenium.remote.RemoteWebDriver.execute(RemoteWebDriver.java:545)
	at org.openqa.selenium.remote.ElementLocation$ElementFinder$2.findElement(ElementLocation.java:165)
	at org.openqa.selenium.remote.ElementLocation.findElement(ElementLocation.java:59)
	at org.openqa.selenium.remote.RemoteWebDriver.findElement(RemoteWebDriver.java:368)
	at org.openqa.selenium.remote.RemoteWebDriver.findElement(RemoteWebDriver.java:362)
	at org.openqa.selenium.support.pagefactory.DefaultElementLocator.findElement(DefaultElementLocator.java:68)
	at org.openqa.selenium.support.pagefactory.internal.LocatingElementHandler.invoke(LocatingElementHandler.java:38)
	at jdk.proxy2/jdk.proxy2.$Proxy32.click(Unknown Source)
	at app.vercel.devProfileEight.pageObjects.PortfolioPage.getBackButton(PortfolioPage.java:98)
	at app.vercel.devProfileEight.tests.TS04_PortfolioPageValidation.backBtnValidation(TS04_PortfolioPageValidation.java:110)
	at java.base/java.util.ArrayList.forEach(ArrayList.java:1596)
	at java.base/java.util.concurrent.FutureTask.run(FutureTask.java:317)
	at java.base/java.util.concurrent.ThreadPoolExecutor.runWorker(ThreadPoolExecutor.java:1144)
	at java.base/java.util.concurrent.ThreadPoolExecutor$Worker.run(ThreadPoolExecutor.java:642)
	at java.base/java.lang.Thread.run(Thread.java:1583)
... Removed 18 stack frames</div></td></tr></table><p class="totop"><a href="#summary">back to summary</a></p>
<h3 id="m20">app.vercel.devProfileEight.tests.TS04_PortfolioPageValidation#backBtnValidation</h3><table class="result"><tr class="param"><th>Parameter #1</th><th>Parameter #2</th><th>Parameter #3</th><th>Parameter #4</th><th>Parameter #5</th><th>Parameter #6</th><th>Parameter #7</th></tr><tr class="param stripe"><td>Rithika</td><td>rithika@gmail.com</td><td>5</td><td>Senior Manager</td><td>40</td><td>20</td><td>Java, python, javascript</td></tr><tr><th colspan="7">Exception</th></tr><tr><td colspan="7"><div class="stacktrace">org.openqa.selenium.NoSuchElementException: no such element: Unable to locate element: {&quot;method&quot;:&quot;xpath&quot;,&quot;selector&quot;:&quot;//a[@class=&apos;btn btn-back&apos;]&quot;}
  (Session info: MicrosoftEdge=136.0.3240.92)
For documentation on this error, please visit: https://www.selenium.dev/documentation/webdriver/troubleshooting/errors#no-such-element-exception
Build info: version: &apos;4.32.0&apos;, revision: &apos;d17c8aa950&apos;
System info: os.name: &apos;Windows 11&apos;, os.arch: &apos;amd64&apos;, os.version: &apos;10.0&apos;, java.version: &apos;21.0.5&apos;
Driver info: org.openqa.selenium.edge.EdgeDriver
Command: [76467a169684ebe8d43fe83f54d1b0aa, findElement {using=xpath, value=//a[@class=&apos;btn btn-back&apos;]}]
Capabilities {acceptInsecureCerts: false, browserName: MicrosoftEdge, browserVersion: 136.0.3240.92, fedcm:accounts: true, ms:edgeOptions: {debuggerAddress: localhost:61544}, msedge: {msedgedriverVersion: 136.0.3240.104 (6a705373902..., userDataDir: C:\Windows\SystemTemp\scope...}, networkConnectionEnabled: false, pageLoadStrategy: normal, platformName: windows, proxy: Proxy(), se:cdp: ws://localhost:61544/devtoo..., se:cdpVersion: 136.0.3240.92, setWindowRect: true, strictFileInteractability: false, timeouts: {implicit: 0, pageLoad: 300000, script: 30000}, unhandledPromptBehavior: dismiss and notify, webauthn:extension:credBlob: true, webauthn:extension:largeBlob: true, webauthn:extension:minPinLength: true, webauthn:extension:prf: true, webauthn:virtualAuthenticators: true}
Session ID: 76467a169684ebe8d43fe83f54d1b0aa
	at org.openqa.selenium.remote.ErrorCodec.decode(ErrorCodec.java:167)
	at org.openqa.selenium.remote.codec.w3c.W3CHttpResponseCodec.decode(W3CHttpResponseCodec.java:138)
	at org.openqa.selenium.remote.codec.w3c.W3CHttpResponseCodec.decode(W3CHttpResponseCodec.java:50)
	at org.openqa.selenium.remote.HttpCommandExecutor.execute(HttpCommandExecutor.java:215)
	at org.openqa.selenium.remote.service.DriverCommandExecutor.invokeExecute(DriverCommandExecutor.java:216)
	at org.openqa.selenium.remote.service.DriverCommandExecutor.execute(DriverCommandExecutor.java:174)
	at org.openqa.selenium.remote.RemoteWebDriver.execute(RemoteWebDriver.java:545)
	at org.openqa.selenium.remote.ElementLocation$ElementFinder$2.findElement(ElementLocation.java:165)
	at org.openqa.selenium.remote.ElementLocation.findElement(ElementLocation.java:59)
	at org.openqa.selenium.remote.RemoteWebDriver.findElement(RemoteWebDriver.java:368)
	at org.openqa.selenium.remote.RemoteWebDriver.findElement(RemoteWebDriver.java:362)
	at org.openqa.selenium.support.pagefactory.DefaultElementLocator.findElement(DefaultElementLocator.java:68)
	at org.openqa.selenium.support.pagefactory.internal.LocatingElementHandler.invoke(LocatingElementHandler.java:38)
	at jdk.proxy2/jdk.proxy2.$Proxy32.click(Unknown Source)
	at app.vercel.devProfileEight.pageObjects.PortfolioPage.getBackButton(PortfolioPage.java:98)
	at app.vercel.devProfileEight.tests.TS04_PortfolioPageValidation.backBtnValidation(TS04_PortfolioPageValidation.java:110)
	at java.base/java.util.ArrayList.forEach(ArrayList.java:1596)
	at java.base/java.util.concurrent.FutureTask.run(FutureTask.java:317)
	at java.base/java.util.concurrent.ThreadPoolExecutor.runWorker(ThreadPoolExecutor.java:1144)
	at java.base/java.util.concurrent.ThreadPoolExecutor$Worker.run(ThreadPoolExecutor.java:642)
	at java.base/java.lang.Thread.run(Thread.java:1583)
... Removed 18 stack frames</div></td></tr></table><p class="totop"><a href="#summary">back to summary</a></p>
<h3 id="m21">app.vercel.devProfileEight.tests.TS04_PortfolioPageValidation#backBtnValidation</h3><table class="result"><tr class="param"><th>Parameter #1</th><th>Parameter #2</th><th>Parameter #3</th><th>Parameter #4</th><th>Parameter #5</th><th>Parameter #6</th><th>Parameter #7</th></tr><tr class="param stripe"><td>Subhasri</td><td>subhasri@gmail.com</td><td>4</td><td>Senior Associate</td><td>20</td><td>15</td><td>C, C++, Java</td></tr><tr><th colspan="7">Exception</th></tr><tr><td colspan="7"><div class="stacktrace">org.openqa.selenium.NoSuchElementException: no such element: Unable to locate element: {&quot;method&quot;:&quot;xpath&quot;,&quot;selector&quot;:&quot;//a[@class=&apos;btn btn-back&apos;]&quot;}
  (Session info: MicrosoftEdge=136.0.3240.92)
For documentation on this error, please visit: https://www.selenium.dev/documentation/webdriver/troubleshooting/errors#no-such-element-exception
Build info: version: &apos;4.32.0&apos;, revision: &apos;d17c8aa950&apos;
System info: os.name: &apos;Windows 11&apos;, os.arch: &apos;amd64&apos;, os.version: &apos;10.0&apos;, java.version: &apos;21.0.5&apos;
Driver info: org.openqa.selenium.edge.EdgeDriver
Command: [76467a169684ebe8d43fe83f54d1b0aa, findElement {using=xpath, value=//a[@class=&apos;btn btn-back&apos;]}]
Capabilities {acceptInsecureCerts: false, browserName: MicrosoftEdge, browserVersion: 136.0.3240.92, fedcm:accounts: true, ms:edgeOptions: {debuggerAddress: localhost:61544}, msedge: {msedgedriverVersion: 136.0.3240.104 (6a705373902..., userDataDir: C:\Windows\SystemTemp\scope...}, networkConnectionEnabled: false, pageLoadStrategy: normal, platformName: windows, proxy: Proxy(), se:cdp: ws://localhost:61544/devtoo..., se:cdpVersion: 136.0.3240.92, setWindowRect: true, strictFileInteractability: false, timeouts: {implicit: 0, pageLoad: 300000, script: 30000}, unhandledPromptBehavior: dismiss and notify, webauthn:extension:credBlob: true, webauthn:extension:largeBlob: true, webauthn:extension:minPinLength: true, webauthn:extension:prf: true, webauthn:virtualAuthenticators: true}
Session ID: 76467a169684ebe8d43fe83f54d1b0aa
	at org.openqa.selenium.remote.ErrorCodec.decode(ErrorCodec.java:167)
	at org.openqa.selenium.remote.codec.w3c.W3CHttpResponseCodec.decode(W3CHttpResponseCodec.java:138)
	at org.openqa.selenium.remote.codec.w3c.W3CHttpResponseCodec.decode(W3CHttpResponseCodec.java:50)
	at org.openqa.selenium.remote.HttpCommandExecutor.execute(HttpCommandExecutor.java:215)
	at org.openqa.selenium.remote.service.DriverCommandExecutor.invokeExecute(DriverCommandExecutor.java:216)
	at org.openqa.selenium.remote.service.DriverCommandExecutor.execute(DriverCommandExecutor.java:174)
	at org.openqa.selenium.remote.RemoteWebDriver.execute(RemoteWebDriver.java:545)
	at org.openqa.selenium.remote.ElementLocation$ElementFinder$2.findElement(ElementLocation.java:165)
	at org.openqa.selenium.remote.ElementLocation.findElement(ElementLocation.java:59)
	at org.openqa.selenium.remote.RemoteWebDriver.findElement(RemoteWebDriver.java:368)
	at org.openqa.selenium.remote.RemoteWebDriver.findElement(RemoteWebDriver.java:362)
	at org.openqa.selenium.support.pagefactory.DefaultElementLocator.findElement(DefaultElementLocator.java:68)
	at org.openqa.selenium.support.pagefactory.internal.LocatingElementHandler.invoke(LocatingElementHandler.java:38)
	at jdk.proxy2/jdk.proxy2.$Proxy32.click(Unknown Source)
	at app.vercel.devProfileEight.pageObjects.PortfolioPage.getBackButton(PortfolioPage.java:98)
	at app.vercel.devProfileEight.tests.TS04_PortfolioPageValidation.backBtnValidation(TS04_PortfolioPageValidation.java:110)
	at java.base/java.util.ArrayList.forEach(ArrayList.java:1596)
	at java.base/java.util.concurrent.FutureTask.run(FutureTask.java:317)
	at java.base/java.util.concurrent.ThreadPoolExecutor.runWorker(ThreadPoolExecutor.java:1144)
	at java.base/java.util.concurrent.ThreadPoolExecutor$Worker.run(ThreadPoolExecutor.java:642)
	at java.base/java.lang.Thread.run(Thread.java:1583)
... Removed 18 stack frames</div></td></tr></table><p class="totop"><a href="#summary">back to summary</a></p>
<h3 id="m22">app.vercel.devProfileEight.tests.TS01_HomePageValidation#appsMadeEnableCheck</h3><table class="result"><tr><th class="invisible"/></tr></table><p class="totop"><a href="#summary">back to summary</a></p>
<h3 id="m23">app.vercel.devProfileEight.tests.TS01_HomePageValidation#checkWebTitle</h3><table class="result"><tr><th class="invisible"/></tr></table><p class="totop"><a href="#summary">back to summary</a></p>
<h3 id="m24">app.vercel.devProfileEight.tests.TS01_HomePageValidation#createPortfolioBtnClickCheck</h3><table class="result"><tr><th class="invisible"/></tr></table><p class="totop"><a href="#summary">back to summary</a></p>
<h3 id="m25">app.vercel.devProfileEight.tests.TS01_HomePageValidation#emailFieldEnableCheck</h3><table class="result"><tr><th class="invisible"/></tr></table><p class="totop"><a href="#summary">back to summary</a></p>
<h3 id="m26">app.vercel.devProfileEight.tests.TS01_HomePageValidation#experienceFieldEnableCheck</h3><table class="result"><tr><th class="invisible"/></tr></table><p class="totop"><a href="#summary">back to summary</a></p>
<h3 id="m27">app.vercel.devProfileEight.tests.TS01_HomePageValidation#headerCheck</h3><table class="result"><tr><th class="invisible"/></tr></table><p class="totop"><a href="#summary">back to summary</a></p>
<h3 id="m28">app.vercel.devProfileEight.tests.TS01_HomePageValidation#jobTitleFieldEnableCheck</h3><table class="result"><tr><th class="invisible"/></tr></table><p class="totop"><a href="#summary">back to summary</a></p>
<h3 id="m29">app.vercel.devProfileEight.tests.TS01_HomePageValidation#measureBtnClickCheck</h3><table class="result"><tr><th class="invisible"/></tr></table><p class="totop"><a href="#summary">back to summary</a></p>
<h3 id="m30">app.vercel.devProfileEight.tests.TS01_HomePageValidation#nameFieldEnableCheck</h3><table class="result"><tr><th class="invisible"/></tr></table><p class="totop"><a href="#summary">back to summary</a></p>
<h3 id="m31">app.vercel.devProfileEight.tests.TS01_HomePageValidation#skillsFieldEnableCheck</h3><table class="result"><tr><th class="invisible"/></tr></table><p class="totop"><a href="#summary">back to summary</a></p>
<h3 id="m32">app.vercel.devProfileEight.tests.TS01_HomePageValidation#subTitleCheck</h3><table class="result"><tr><th class="invisible"/></tr></table><p class="totop"><a href="#summary">back to summary</a></p>
<h3 id="m33">app.vercel.devProfileEight.tests.TS01_HomePageValidation#websitesDevelopedEnableCheck</h3><table class="result"><tr><th class="invisible"/></tr></table><p class="totop"><a href="#summary">back to summary</a></p>
<h3 id="m34">app.vercel.devProfileEight.tests.TS02_InputValidation#appsMadeFieldValidationTest</h3><table class="result"><tr class="param"><th>Parameter #1</th></tr><tr class="param stripe"><td>3x1</td></tr></table><p class="totop"><a href="#summary">back to summary</a></p>
<h3 id="m35">app.vercel.devProfileEight.tests.TS02_InputValidation#appsMadeFieldValidationTest</h3><table class="result"><tr class="param"><th>Parameter #1</th></tr><tr class="param stripe"><td>1@3</td></tr></table><p class="totop"><a href="#summary">back to summary</a></p>
<h3 id="m36">app.vercel.devProfileEight.tests.TS02_InputValidation#appsMadeFieldValidationTest</h3><table class="result"><tr class="param"><th>Parameter #1</th></tr><tr class="param stripe"><td>a4r3</td></tr></table><p class="totop"><a href="#summary">back to summary</a></p>
<h3 id="m37">app.vercel.devProfileEight.tests.TS02_InputValidation#appsMadeFieldValidationTest</h3><table class="result"><tr class="param"><th>Parameter #1</th></tr><tr class="param stripe"><td>2</td></tr></table><p class="totop"><a href="#summary">back to summary</a></p>
<h3 id="m38">app.vercel.devProfileEight.tests.TS02_InputValidation#appsMadeFieldValidationTest</h3><table class="result"><tr class="param"><th>Parameter #1</th></tr><tr class="param stripe"><td>qwer</td></tr></table><p class="totop"><a href="#summary">back to summary</a></p>
<h3 id="m39">app.vercel.devProfileEight.tests.TS02_InputValidation#emailFieldValidationTest</h3><table class="result"><tr class="param"><th>Parameter #1</th></tr><tr class="param stripe"><td>Srikanth1234</td></tr></table><p class="totop"><a href="#summary">back to summary</a></p>
<h3 id="m40">app.vercel.devProfileEight.tests.TS02_InputValidation#emailFieldValidationTest</h3><table class="result"><tr class="param"><th>Parameter #1</th></tr><tr class="param stripe"><td>1234</td></tr></table><p class="totop"><a href="#summary">back to summary</a></p>
<h3 id="m41">app.vercel.devProfileEight.tests.TS02_InputValidation#emailFieldValidationTest</h3><table class="result"><tr class="param"><th>Parameter #1</th></tr><tr class="param stripe"><td>Siva@gmail.com</td></tr></table><p class="totop"><a href="#summary">back to summary</a></p>
<h3 id="m42">app.vercel.devProfileEight.tests.TS02_InputValidation#emailFieldValidationTest</h3><table class="result"><tr class="param"><th>Parameter #1</th></tr><tr class="param stripe"><td>Srikanth</td></tr></table><p class="totop"><a href="#summary">back to summary</a></p>
<h3 id="m43">app.vercel.devProfileEight.tests.TS02_InputValidation#emailFieldValidationTest</h3><table class="result"><tr class="param"><th>Parameter #1</th></tr><tr class="param stripe"><td>##$3@</td></tr></table><p class="totop"><a href="#summary">back to summary</a></p>
<h3 id="m44">app.vercel.devProfileEight.tests.TS02_InputValidation#experienceFieldValidationTest</h3><table class="result"><tr class="param"><th>Parameter #1</th></tr><tr class="param stripe"><td>2</td></tr></table><p class="totop"><a href="#summary">back to summary</a></p>
<h3 id="m45">app.vercel.devProfileEight.tests.TS02_InputValidation#experienceFieldValidationTest</h3><table class="result"><tr class="param"><th>Parameter #1</th></tr><tr class="param stripe"><td>4</td></tr></table><p class="totop"><a href="#summary">back to summary</a></p>
<h3 id="m46">app.vercel.devProfileEight.tests.TS02_InputValidation#experienceFieldValidationTest</h3><table class="result"><tr class="param"><th>Parameter #1</th></tr><tr class="param stripe"><td>5</td></tr></table><p class="totop"><a href="#summary">back to summary</a></p>
<h3 id="m47">app.vercel.devProfileEight.tests.TS02_InputValidation#experienceFieldValidationTest</h3><table class="result"><tr class="param"><th>Parameter #1</th></tr><tr class="param stripe"><td>3</td></tr></table><p class="totop"><a href="#summary">back to summary</a></p>
<h3 id="m48">app.vercel.devProfileEight.tests.TS02_InputValidation#experienceFieldValidationTest</h3><table class="result"><tr class="param"><th>Parameter #1</th></tr><tr class="param stripe"><td>7</td></tr></table><p class="totop"><a href="#summary">back to summary</a></p>
<h3 id="m49">app.vercel.devProfileEight.tests.TS02_InputValidation#experienceFieldValidationTest</h3><table class="result"><tr class="param"><th>Parameter #1</th></tr><tr class="param stripe"><td>8</td></tr></table><p class="totop"><a href="#summary">back to summary</a></p>
<h3 id="m50">app.vercel.devProfileEight.tests.TS02_InputValidation#experienceFieldValidationTest</h3><table class="result"><tr class="param"><th>Parameter #1</th></tr><tr class="param stripe"><td>9</td></tr></table><p class="totop"><a href="#summary">back to summary</a></p>
<h3 id="m51">app.vercel.devProfileEight.tests.TS02_InputValidation#experienceFieldValidationTest</h3><table class="result"><tr class="param"><th>Parameter #1</th></tr><tr class="param stripe"><td>1</td></tr></table><p class="totop"><a href="#summary">back to summary</a></p>
<h3 id="m52">app.vercel.devProfileEight.tests.TS02_InputValidation#experienceFieldValidationTest</h3><table class="result"><tr class="param"><th>Parameter #1</th></tr><tr class="param stripe"><td>6</td></tr></table><p class="totop"><a href="#summary">back to summary</a></p>
<h3 id="m53">app.vercel.devProfileEight.tests.TS02_InputValidation#experienceFieldValidationTest</h3><table class="result"><tr class="param"><th>Parameter #1</th></tr><tr class="param stripe"><td>10+</td></tr></table><p class="totop"><a href="#summary">back to summary</a></p>
<h3 id="m54">app.vercel.devProfileEight.tests.TS02_InputValidation#jobTitleFieldValidationTest</h3><table class="result"><tr class="param"><th>Parameter #1</th></tr><tr class="param stripe"><td>Senior Associate</td></tr></table><p class="totop"><a href="#summary">back to summary</a></p>
<h3 id="m55">app.vercel.devProfileEight.tests.TS02_InputValidation#jobTitleFieldValidationTest</h3><table class="result"><tr class="param"><th>Parameter #1</th></tr><tr class="param stripe"><td>Manager</td></tr></table><p class="totop"><a href="#summary">back to summary</a></p>
<h3 id="m56">app.vercel.devProfileEight.tests.TS02_InputValidation#jobTitleFieldValidationTest</h3><table class="result"><tr class="param"><th>Parameter #1</th></tr><tr class="param stripe"><td>Intern</td></tr></table><p class="totop"><a href="#summary">back to summary</a></p>
<h3 id="m57">app.vercel.devProfileEight.tests.TS02_InputValidation#measureProfileTest</h3><table class="result"><tr class="param"><th>Parameter #1</th><th>Parameter #2</th><th>Parameter #3</th><th>Parameter #4</th><th>Parameter #5</th><th>Parameter #6</th><th>Parameter #7</th><th>Parameter #8</th></tr><tr class="param stripe"><td>Jeremiah</td><td>jere1774@gmail.com</td><td>3</td><td>Programmer Analyst</td><td>5</td><td>2</td><td></td><td>TRUE</td></tr></table><p class="totop"><a href="#summary">back to summary</a></p>
<h3 id="m58">app.vercel.devProfileEight.tests.TS02_InputValidation#measureProfileTest</h3><table class="result"><tr class="param"><th>Parameter #1</th><th>Parameter #2</th><th>Parameter #3</th><th>Parameter #4</th><th>Parameter #5</th><th>Parameter #6</th><th>Parameter #7</th><th>Parameter #8</th></tr><tr class="param stripe"><td>Jeremiah</td><td>jere1774@gmail.com</td><td></td><td>Programmer Analyst</td><td>5</td><td>2</td><td>C,C++,Java,Node,Express</td><td>FALSE</td></tr></table><p class="totop"><a href="#summary">back to summary</a></p>
<h3 id="m59">app.vercel.devProfileEight.tests.TS02_InputValidation#measureProfileTest</h3><table class="result"><tr class="param"><th>Parameter #1</th><th>Parameter #2</th><th>Parameter #3</th><th>Parameter #4</th><th>Parameter #5</th><th>Parameter #6</th><th>Parameter #7</th><th>Parameter #8</th></tr><tr class="param stripe"><td>Conrad</td><td>conrad65@gmail.com</td><td>4</td><td>Senior Developer</td><td>16</td><td>4</td><td>JS , Java , React , PythonC,Node,Express</td><td>TRUE</td></tr></table><p class="totop"><a href="#summary">back to summary</a></p>
<h3 id="m60">app.vercel.devProfileEight.tests.TS02_InputValidation#nameFieldValidationTest</h3><table class="result"><tr class="param"><th>Parameter #1</th></tr><tr class="param stripe"><td>1234</td></tr></table><p class="totop"><a href="#summary">back to summary</a></p>
<h3 id="m61">app.vercel.devProfileEight.tests.TS02_InputValidation#nameFieldValidationTest</h3><table class="result"><tr class="param"><th>Parameter #1</th></tr><tr class="param stripe"><td>Srikanth1234</td></tr></table><p class="totop"><a href="#summary">back to summary</a></p>
<h3 id="m62">app.vercel.devProfileEight.tests.TS02_InputValidation#nameFieldValidationTest</h3><table class="result"><tr class="param"><th>Parameter #1</th></tr><tr class="param stripe"><td>#$$#@</td></tr></table><p class="totop"><a href="#summary">back to summary</a></p>
<h3 id="m63">app.vercel.devProfileEight.tests.TS02_InputValidation#nameFieldValidationTest</h3><table class="result"><tr class="param"><th>Parameter #1</th></tr><tr class="param stripe"><td>Srikanth</td></tr></table><p class="totop"><a href="#summary">back to summary</a></p>
<h3 id="m64">app.vercel.devProfileEight.tests.TS02_InputValidation#nameFieldValidationTest</h3><table class="result"><tr class="param"><th>Parameter #1</th></tr><tr class="param stripe"><td>Siva@1234</td></tr></table><p class="totop"><a href="#summary">back to summary</a></p>
<h3 id="m65">app.vercel.devProfileEight.tests.TS02_InputValidation#skillsFieldValidationTest</h3><table class="result"><tr class="param"><th>Parameter #1</th></tr><tr class="param stripe"><td>Python</td></tr></table><p class="totop"><a href="#summary">back to summary</a></p>
<h3 id="m66">app.vercel.devProfileEight.tests.TS02_InputValidation#skillsFieldValidationTest</h3><table class="result"><tr class="param"><th>Parameter #1</th></tr><tr class="param stripe"><td>C#</td></tr></table><p class="totop"><a href="#summary">back to summary</a></p>
<h3 id="m67">app.vercel.devProfileEight.tests.TS02_InputValidation#skillsFieldValidationTest</h3><table class="result"><tr class="param"><th>Parameter #1</th></tr><tr class="param stripe"><td>Python,java</td></tr></table><p class="totop"><a href="#summary">back to summary</a></p>
<h3 id="m68">app.vercel.devProfileEight.tests.TS02_InputValidation#websitesDevelopedFieldValidationTest</h3><table class="result"><tr class="param"><th>Parameter #1</th></tr><tr class="param stripe"><td>3x1</td></tr></table><p class="totop"><a href="#summary">back to summary</a></p>
<h3 id="m69">app.vercel.devProfileEight.tests.TS02_InputValidation#websitesDevelopedFieldValidationTest</h3><table class="result"><tr class="param"><th>Parameter #1</th></tr><tr class="param stripe"><td>2</td></tr></table><p class="totop"><a href="#summary">back to summary</a></p>
<h3 id="m70">app.vercel.devProfileEight.tests.TS02_InputValidation#websitesDevelopedFieldValidationTest</h3><table class="result"><tr class="param"><th>Parameter #1</th></tr><tr class="param stripe"><td>a4r3</td></tr></table><p class="totop"><a href="#summary">back to summary</a></p>
<h3 id="m71">app.vercel.devProfileEight.tests.TS02_InputValidation#websitesDevelopedFieldValidationTest</h3><table class="result"><tr class="param"><th>Parameter #1</th></tr><tr class="param stripe"><td>qwer</td></tr></table><p class="totop"><a href="#summary">back to summary</a></p>
<h3 id="m72">app.vercel.devProfileEight.tests.TS02_InputValidation#websitesDevelopedFieldValidationTest</h3><table class="result"><tr class="param"><th>Parameter #1</th></tr><tr class="param stripe"><td>1@3</td></tr></table><p class="totop"><a href="#summary">back to summary</a></p>
<h3 id="m73">app.vercel.devProfileEight.tests.TS03_PortfolioBtnValidation#detailsEntryTestAndCreateProfile</h3><table class="result"><tr class="param"><th>Parameter #1</th><th>Parameter #2</th><th>Parameter #3</th><th>Parameter #4</th><th>Parameter #5</th><th>Parameter #6</th><th>Parameter #7</th><th>Parameter #8</th></tr><tr class="param stripe"><td>Prasanna</td><td>prasanna@gmail.com</td><td>6</td><td>Senior Developer</td><td>18.5</td><td>3.9</td><td>Java , Python , C# , Ruby</td><td>FALSE</td></tr></table><p class="totop"><a href="#summary">back to summary</a></p>
<h3 id="m74">app.vercel.devProfileEight.tests.TS03_PortfolioBtnValidation#detailsEntryTestAndCreateProfile</h3><table class="result"><tr class="param"><th>Parameter #1</th><th>Parameter #2</th><th>Parameter #3</th><th>Parameter #4</th><th>Parameter #5</th><th>Parameter #6</th><th>Parameter #7</th><th>Parameter #8</th></tr><tr class="param stripe"><td>Conrad</td><td>conrad65@gmail.com</td><td>4</td><td>Senior Developer</td><td>16</td><td>4</td><td>JS , Java , React , PythonC,Node,Express</td><td>TRUE</td></tr></table><p class="totop"><a href="#summary">back to summary</a></p>
<h3 id="m75">app.vercel.devProfileEight.tests.TS03_PortfolioBtnValidation#detailsEntryTestAndCreateProfile</h3><table class="result"><tr class="param"><th>Parameter #1</th><th>Parameter #2</th><th>Parameter #3</th><th>Parameter #4</th><th>Parameter #5</th><th>Parameter #6</th><th>Parameter #7</th><th>Parameter #8</th></tr><tr class="param stripe"><td>Steven</td><td>steven345@gmail.com</td><td>5</td><td>SDE</td><td>b</td><td>c</td><td>Java , Python , C# </td><td>FALSE</td></tr></table><p class="totop"><a href="#summary">back to summary</a></p>
<h3 id="m76">app.vercel.devProfileEight.tests.TS03_PortfolioBtnValidation#detailsEntryTestAndCreateProfile</h3><table class="result"><tr class="param"><th>Parameter #1</th><th>Parameter #2</th><th>Parameter #3</th><th>Parameter #4</th><th>Parameter #5</th><th>Parameter #6</th><th>Parameter #7</th><th>Parameter #8</th></tr><tr class="param stripe"><td>Jeremiah</td><td></td><td>3</td><td>Programmer Analyst</td><td>5</td><td>2</td><td>C,C++,Java,Node,Express</td><td>FALSE</td></tr></table><p class="totop"><a href="#summary">back to summary</a></p>
<h3 id="m77">app.vercel.devProfileEight.tests.TS03_PortfolioBtnValidation#detailsEntryTestAndCreateProfile</h3><table class="result"><tr class="param"><th>Parameter #1</th><th>Parameter #2</th><th>Parameter #3</th><th>Parameter #4</th><th>Parameter #5</th><th>Parameter #6</th><th>Parameter #7</th><th>Parameter #8</th></tr><tr class="param stripe"><td>Jeremiah</td><td>jere1774@gmail.com</td><td>3</td><td>Programmer Analyst</td><td></td><td>2</td><td>C,C++,Java,Node,Express</td><td>FALSE</td></tr></table><p class="totop"><a href="#summary">back to summary</a></p>
<h3 id="m78">app.vercel.devProfileEight.tests.TS03_PortfolioBtnValidation#detailsEntryTestAndCreateProfile</h3><table class="result"><tr class="param"><th>Parameter #1</th><th>Parameter #2</th><th>Parameter #3</th><th>Parameter #4</th><th>Parameter #5</th><th>Parameter #6</th><th>Parameter #7</th><th>Parameter #8</th></tr><tr class="param stripe"><td>Jeremiah</td><td>jere1774@gmail.com</td><td>3</td><td>Programmer Analyst</td><td>5</td><td></td><td>C,C++,Java,Node,Express</td><td>FALSE</td></tr></table><p class="totop"><a href="#summary">back to summary</a></p>
<h3 id="m79">app.vercel.devProfileEight.tests.TS03_PortfolioBtnValidation#detailsEntryTestAndCreateProfile</h3><table class="result"><tr class="param"><th>Parameter #1</th><th>Parameter #2</th><th>Parameter #3</th><th>Parameter #4</th><th>Parameter #5</th><th>Parameter #6</th><th>Parameter #7</th><th>Parameter #8</th></tr><tr class="param stripe"><td>Jeremiah</td><td>jere1774@gmail.com</td><td>3</td><td>Programmer Analyst</td><td>-5</td><td>-2</td><td>C,C++,Java,Node,Express</td><td>FALSE</td></tr></table><p class="totop"><a href="#summary">back to summary</a></p>
<h3 id="m80">app.vercel.devProfileEight.tests.TS03_PortfolioBtnValidation#detailsEntryTestAndCreateProfile</h3><table class="result"><tr class="param"><th>Parameter #1</th><th>Parameter #2</th><th>Parameter #3</th><th>Parameter #4</th><th>Parameter #5</th><th>Parameter #6</th><th>Parameter #7</th><th>Parameter #8</th></tr><tr class="param stripe"><td>Jeremiah</td><td>jere1774@gmail.com</td><td>3</td><td>Programmer Analyst</td><td>5</td><td>2</td><td></td><td>TRUE</td></tr></table><p class="totop"><a href="#summary">back to summary</a></p>
<h3 id="m81">app.vercel.devProfileEight.tests.TS03_PortfolioBtnValidation#detailsEntryTestAndCreateProfile</h3><table class="result"><tr class="param"><th>Parameter #1</th><th>Parameter #2</th><th>Parameter #3</th><th>Parameter #4</th><th>Parameter #5</th><th>Parameter #6</th><th>Parameter #7</th><th>Parameter #8</th></tr><tr class="param stripe"><td>Jeremiah</td><td>jere1774@gmail.com</td><td></td><td>Programmer Analyst</td><td>5</td><td>2</td><td>C,C++,Java,Node,Express</td><td>FALSE</td></tr></table><p class="totop"><a href="#summary">back to summary</a></p>
<h3 id="m82">app.vercel.devProfileEight.tests.TS03_PortfolioBtnValidation#detailsEntryTestAndCreateProfile</h3><table class="result"><tr class="param"><th>Parameter #1</th><th>Parameter #2</th><th>Parameter #3</th><th>Parameter #4</th><th>Parameter #5</th><th>Parameter #6</th><th>Parameter #7</th><th>Parameter #8</th></tr><tr class="param stripe"><td>Maha</td><td>9442385</td><td>2</td><td>SDE</td><td>6</td><td>1</td><td>JS , Java , React , Python</td><td>FALSE</td></tr></table><p class="totop"><a href="#summary">back to summary</a></p>
<h3 id="m83">app.vercel.devProfileEight.tests.TS03_PortfolioBtnValidation#detailsEntryTestAndCreateProfile</h3><table class="result"><tr class="param"><th>Parameter #1</th><th>Parameter #2</th><th>Parameter #3</th><th>Parameter #4</th><th>Parameter #5</th><th>Parameter #6</th><th>Parameter #7</th><th>Parameter #8</th></tr><tr class="param stripe"><td>Jeremiah</td><td>jere1774@gmail.com</td><td>3</td><td></td><td>5</td><td>2</td><td>C,C++,Java,Node,Express</td><td>FALSE</td></tr></table><p class="totop"><a href="#summary">back to summary</a></p>
<h3 id="m84">app.vercel.devProfileEight.tests.TS03_PortfolioBtnValidation#detailsEntryTestAndCreateProfile</h3><table class="result"><tr class="param"><th>Parameter #1</th><th>Parameter #2</th><th>Parameter #3</th><th>Parameter #4</th><th>Parameter #5</th><th>Parameter #6</th><th>Parameter #7</th><th>Parameter #8</th></tr><tr class="param stripe"><td></td><td>jere1774@gmail.com</td><td>3</td><td>Programmer Analyst</td><td>5</td><td>2</td><td>C,C++,Java,Node,Express</td><td>FALSE</td></tr></table><p class="totop"><a href="#summary">back to summary</a></p>
<h3 id="m85">app.vercel.devProfileEight.tests.TS04_PortfolioPageValidation#avatarValidation</h3><table class="result"><tr class="param"><th>Parameter #1</th><th>Parameter #2</th><th>Parameter #3</th><th>Parameter #4</th><th>Parameter #5</th><th>Parameter #6</th><th>Parameter #7</th></tr><tr class="param stripe"><td>Rithika</td><td>rithika@gmail.com</td><td>5</td><td>Senior Manager</td><td>40</td><td>20</td><td>Java, python, javascript</td></tr></table><p class="totop"><a href="#summary">back to summary</a></p>
<h3 id="m86">app.vercel.devProfileEight.tests.TS04_PortfolioPageValidation#avatarValidation</h3><table class="result"><tr class="param"><th>Parameter #1</th><th>Parameter #2</th><th>Parameter #3</th><th>Parameter #4</th><th>Parameter #5</th><th>Parameter #6</th><th>Parameter #7</th></tr><tr class="param stripe"><td>Aravind</td><td>aravind@gmail.com</td><td>3</td><td>Senior Asscoiate</td><td>22</td><td>13</td><td>Mongo DB, MySQL,Spring, react.js</td></tr></table><p class="totop"><a href="#summary">back to summary</a></p>
<h3 id="m87">app.vercel.devProfileEight.tests.TS04_PortfolioPageValidation#avatarValidation</h3><table class="result"><tr class="param"><th>Parameter #1</th><th>Parameter #2</th><th>Parameter #3</th><th>Parameter #4</th><th>Parameter #5</th><th>Parameter #6</th><th>Parameter #7</th></tr><tr class="param stripe"><td>Subhasri</td><td>subhasri@gmail.com</td><td>4</td><td>Senior Associate</td><td>20</td><td>15</td><td>C, C++, Java</td></tr></table><p class="totop"><a href="#summary">back to summary</a></p>
<h2>Chrome Test</h2><h3 id="m88">app.vercel.devProfileEight.tests.TS02_InputValidation#appsMadeFieldValidationTest</h3><table class="result"><tr class="param"><th>Parameter #1</th></tr><tr class="param stripe"><td>-3</td></tr><tr><th>Exception</th></tr><tr><td><div class="stacktrace">java.lang.AssertionError: Apps Made Input field is allowing Invalid input did not expect [-3] but found [-3]
	at app.vercel.devProfileEight.tests.TS02_InputValidation.appsMadeFieldValidationTest(TS02_InputValidation.java:94)
	at java.base/java.util.ArrayList.forEach(ArrayList.java:1596)
	at java.base/java.util.concurrent.FutureTask.run(FutureTask.java:317)
	at java.base/java.util.concurrent.ThreadPoolExecutor.runWorker(ThreadPoolExecutor.java:1144)
	at java.base/java.util.concurrent.ThreadPoolExecutor$Worker.run(ThreadPoolExecutor.java:642)
	at java.base/java.lang.Thread.run(Thread.java:1583)
... Removed 19 stack frames</div></td></tr></table><p class="totop"><a href="#summary">back to summary</a></p>
<h3 id="m89">app.vercel.devProfileEight.tests.TS02_InputValidation#appsMadeFieldValidationTest</h3><table class="result"><tr class="param"><th>Parameter #1</th></tr><tr class="param stripe"><td>4.8</td></tr><tr><th>Exception</th></tr><tr><td><div class="stacktrace">java.lang.AssertionError: Apps Made Input field is allowing Invalid input did not expect [4.8] but found [4.8]
	at app.vercel.devProfileEight.tests.TS02_InputValidation.appsMadeFieldValidationTest(TS02_InputValidation.java:94)
	at java.base/java.util.ArrayList.forEach(ArrayList.java:1596)
	at java.base/java.util.concurrent.FutureTask.run(FutureTask.java:317)
	at java.base/java.util.concurrent.ThreadPoolExecutor.runWorker(ThreadPoolExecutor.java:1144)
	at java.base/java.util.concurrent.ThreadPoolExecutor$Worker.run(ThreadPoolExecutor.java:642)
	at java.base/java.lang.Thread.run(Thread.java:1583)
... Removed 19 stack frames</div></td></tr></table><p class="totop"><a href="#summary">back to summary</a></p>
<h3 id="m90">app.vercel.devProfileEight.tests.TS02_InputValidation#measureProfileTest</h3><table class="result"><tr class="param"><th>Parameter #1</th><th>Parameter #2</th><th>Parameter #3</th><th>Parameter #4</th><th>Parameter #5</th><th>Parameter #6</th><th>Parameter #7</th><th>Parameter #8</th></tr><tr class="param stripe"><td>Steven</td><td>steven345@gmail.com</td><td>5</td><td>SDE</td><td>b</td><td>c</td><td>Java , Python , C# </td><td>FALSE</td></tr><tr><th colspan="8">Exception</th></tr><tr><td colspan="8"><div class="stacktrace">java.lang.AssertionError: Alert is not raised even if the details are not valid expected [true] but found [false]
	at app.vercel.devProfileEight.tests.TS02_InputValidation.measureProfileTest(TS02_InputValidation.java:137)
	at java.base/java.util.ArrayList.forEach(ArrayList.java:1596)
	at java.base/java.util.concurrent.FutureTask.run(FutureTask.java:317)
	at java.base/java.util.concurrent.ThreadPoolExecutor.runWorker(ThreadPoolExecutor.java:1144)
	at java.base/java.util.concurrent.ThreadPoolExecutor$Worker.run(ThreadPoolExecutor.java:642)
	at java.base/java.lang.Thread.run(Thread.java:1583)
... Removed 18 stack frames</div></td></tr></table><p class="totop"><a href="#summary">back to summary</a></p>
<h3 id="m91">app.vercel.devProfileEight.tests.TS02_InputValidation#measureProfileTest</h3><table class="result"><tr class="param"><th>Parameter #1</th><th>Parameter #2</th><th>Parameter #3</th><th>Parameter #4</th><th>Parameter #5</th><th>Parameter #6</th><th>Parameter #7</th><th>Parameter #8</th></tr><tr class="param stripe"><td>Jeremiah</td><td>jere1774@gmail.com</td><td>3</td><td>Programmer Analyst</td><td>5</td><td></td><td>C,C++,Java,Node,Express</td><td>FALSE</td></tr><tr><th colspan="8">Exception</th></tr><tr><td colspan="8"><div class="stacktrace">java.lang.AssertionError: Alert is not raised even if the details are not valid expected [true] but found [false]
	at app.vercel.devProfileEight.tests.TS02_InputValidation.measureProfileTest(TS02_InputValidation.java:137)
	at java.base/java.util.ArrayList.forEach(ArrayList.java:1596)
	at java.base/java.util.concurrent.FutureTask.run(FutureTask.java:317)
	at java.base/java.util.concurrent.ThreadPoolExecutor.runWorker(ThreadPoolExecutor.java:1144)
	at java.base/java.util.concurrent.ThreadPoolExecutor$Worker.run(ThreadPoolExecutor.java:642)
	at java.base/java.lang.Thread.run(Thread.java:1583)
... Removed 18 stack frames</div></td></tr></table><p class="totop"><a href="#summary">back to summary</a></p>
<h3 id="m92">app.vercel.devProfileEight.tests.TS02_InputValidation#measureProfileTest</h3><table class="result"><tr class="param"><th>Parameter #1</th><th>Parameter #2</th><th>Parameter #3</th><th>Parameter #4</th><th>Parameter #5</th><th>Parameter #6</th><th>Parameter #7</th><th>Parameter #8</th></tr><tr class="param stripe"><td>Jeremiah</td><td>jere1774@gmail.com</td><td>3</td><td>Programmer Analyst</td><td>-5</td><td>-2</td><td>C,C++,Java,Node,Express</td><td>FALSE</td></tr><tr><th colspan="8">Exception</th></tr><tr><td colspan="8"><div class="stacktrace">java.lang.AssertionError: Alert is not raised even if the details are not valid expected [true] but found [false]
	at app.vercel.devProfileEight.tests.TS02_InputValidation.measureProfileTest(TS02_InputValidation.java:137)
	at java.base/java.util.ArrayList.forEach(ArrayList.java:1596)
	at java.base/java.util.concurrent.FutureTask.run(FutureTask.java:317)
	at java.base/java.util.concurrent.ThreadPoolExecutor.runWorker(ThreadPoolExecutor.java:1144)
	at java.base/java.util.concurrent.ThreadPoolExecutor$Worker.run(ThreadPoolExecutor.java:642)
	at java.base/java.lang.Thread.run(Thread.java:1583)
... Removed 18 stack frames</div></td></tr></table><p class="totop"><a href="#summary">back to summary</a></p>
<h3 id="m93">app.vercel.devProfileEight.tests.TS02_InputValidation#measureProfileTest</h3><table class="result"><tr class="param"><th>Parameter #1</th><th>Parameter #2</th><th>Parameter #3</th><th>Parameter #4</th><th>Parameter #5</th><th>Parameter #6</th><th>Parameter #7</th><th>Parameter #8</th></tr><tr class="param stripe"><td>Prasanna</td><td>prasanna@gmail.com</td><td>6</td><td>Senior Developer</td><td>18.5</td><td>3.9</td><td>Java , Python , C# , Ruby</td><td>FALSE</td></tr><tr><th colspan="8">Exception</th></tr><tr><td colspan="8"><div class="stacktrace">java.lang.AssertionError: Alert is not raised even if the details are not valid expected [true] but found [false]
	at app.vercel.devProfileEight.tests.TS02_InputValidation.measureProfileTest(TS02_InputValidation.java:137)
	at java.base/java.util.ArrayList.forEach(ArrayList.java:1596)
	at java.base/java.util.concurrent.FutureTask.run(FutureTask.java:317)
	at java.base/java.util.concurrent.ThreadPoolExecutor.runWorker(ThreadPoolExecutor.java:1144)
	at java.base/java.util.concurrent.ThreadPoolExecutor$Worker.run(ThreadPoolExecutor.java:642)
	at java.base/java.lang.Thread.run(Thread.java:1583)
... Removed 18 stack frames</div></td></tr></table><p class="totop"><a href="#summary">back to summary</a></p>
<h3 id="m94">app.vercel.devProfileEight.tests.TS02_InputValidation#measureProfileTest</h3><table class="result"><tr class="param"><th>Parameter #1</th><th>Parameter #2</th><th>Parameter #3</th><th>Parameter #4</th><th>Parameter #5</th><th>Parameter #6</th><th>Parameter #7</th><th>Parameter #8</th></tr><tr class="param stripe"><td>12345</td><td>xzy@gmail.com</td><td>3</td><td>98765</td><td>5</td><td>4</td><td>$$$$$$$$$$$$</td><td>FALSE</td></tr><tr><th colspan="8">Exception</th></tr><tr><td colspan="8"><div class="stacktrace">java.lang.AssertionError: Alert is not raised even if the details are not valid expected [true] but found [false]
	at app.vercel.devProfileEight.tests.TS02_InputValidation.measureProfileTest(TS02_InputValidation.java:137)
	at java.base/java.util.ArrayList.forEach(ArrayList.java:1596)
	at java.base/java.util.concurrent.FutureTask.run(FutureTask.java:317)
	at java.base/java.util.concurrent.ThreadPoolExecutor.runWorker(ThreadPoolExecutor.java:1144)
	at java.base/java.util.concurrent.ThreadPoolExecutor$Worker.run(ThreadPoolExecutor.java:642)
	at java.base/java.lang.Thread.run(Thread.java:1583)
... Removed 18 stack frames</div></td></tr></table><p class="totop"><a href="#summary">back to summary</a></p>
<h3 id="m95">app.vercel.devProfileEight.tests.TS02_InputValidation#measureProfileTest</h3><table class="result"><tr class="param"><th>Parameter #1</th><th>Parameter #2</th><th>Parameter #3</th><th>Parameter #4</th><th>Parameter #5</th><th>Parameter #6</th><th>Parameter #7</th><th>Parameter #8</th></tr><tr class="param stripe"><td>Jeremiah</td><td>jere1774@gmail.com</td><td>3</td><td></td><td>5</td><td>2</td><td>C,C++,Java,Node,Express</td><td>FALSE</td></tr><tr><th colspan="8">Exception</th></tr><tr><td colspan="8"><div class="stacktrace">java.lang.AssertionError: Alert is not raised even if the details are not valid expected [true] but found [false]
	at app.vercel.devProfileEight.tests.TS02_InputValidation.measureProfileTest(TS02_InputValidation.java:137)
	at java.base/java.util.ArrayList.forEach(ArrayList.java:1596)
	at java.base/java.util.concurrent.FutureTask.run(FutureTask.java:317)
	at java.base/java.util.concurrent.ThreadPoolExecutor.runWorker(ThreadPoolExecutor.java:1144)
	at java.base/java.util.concurrent.ThreadPoolExecutor$Worker.run(ThreadPoolExecutor.java:642)
	at java.base/java.lang.Thread.run(Thread.java:1583)
... Removed 18 stack frames</div></td></tr></table><p class="totop"><a href="#summary">back to summary</a></p>
<h3 id="m96">app.vercel.devProfileEight.tests.TS02_InputValidation#measureProfileTest</h3><table class="result"><tr class="param"><th>Parameter #1</th><th>Parameter #2</th><th>Parameter #3</th><th>Parameter #4</th><th>Parameter #5</th><th>Parameter #6</th><th>Parameter #7</th><th>Parameter #8</th></tr><tr class="param stripe"><td>Jeremiah</td><td></td><td>3</td><td>Programmer Analyst</td><td>5</td><td>2</td><td>C,C++,Java,Node,Express</td><td>FALSE</td></tr><tr><th colspan="8">Exception</th></tr><tr><td colspan="8"><div class="stacktrace">java.lang.AssertionError: Alert is not raised even if the details are not valid expected [true] but found [false]
	at app.vercel.devProfileEight.tests.TS02_InputValidation.measureProfileTest(TS02_InputValidation.java:137)
	at java.base/java.util.ArrayList.forEach(ArrayList.java:1596)
	at java.base/java.util.concurrent.FutureTask.run(FutureTask.java:317)
	at java.base/java.util.concurrent.ThreadPoolExecutor.runWorker(ThreadPoolExecutor.java:1144)
	at java.base/java.util.concurrent.ThreadPoolExecutor$Worker.run(ThreadPoolExecutor.java:642)
	at java.base/java.lang.Thread.run(Thread.java:1583)
... Removed 18 stack frames</div></td></tr></table><p class="totop"><a href="#summary">back to summary</a></p>
<h3 id="m97">app.vercel.devProfileEight.tests.TS02_InputValidation#measureProfileTest</h3><table class="result"><tr class="param"><th>Parameter #1</th><th>Parameter #2</th><th>Parameter #3</th><th>Parameter #4</th><th>Parameter #5</th><th>Parameter #6</th><th>Parameter #7</th><th>Parameter #8</th></tr><tr class="param stripe"><td>Maha</td><td>9442385</td><td>2</td><td>SDE</td><td>6</td><td>1</td><td>JS , Java , React , Python</td><td>FALSE</td></tr><tr><th colspan="8">Exception</th></tr><tr><td colspan="8"><div class="stacktrace">java.lang.AssertionError: Alert is not raised even if the details are not valid expected [true] but found [false]
	at app.vercel.devProfileEight.tests.TS02_InputValidation.measureProfileTest(TS02_InputValidation.java:137)
	at java.base/java.util.ArrayList.forEach(ArrayList.java:1596)
	at java.base/java.util.concurrent.FutureTask.run(FutureTask.java:317)
	at java.base/java.util.concurrent.ThreadPoolExecutor.runWorker(ThreadPoolExecutor.java:1144)
	at java.base/java.util.concurrent.ThreadPoolExecutor$Worker.run(ThreadPoolExecutor.java:642)
	at java.base/java.lang.Thread.run(Thread.java:1583)
... Removed 18 stack frames</div></td></tr></table><p class="totop"><a href="#summary">back to summary</a></p>
<h3 id="m98">app.vercel.devProfileEight.tests.TS02_InputValidation#measureProfileTest</h3><table class="result"><tr class="param"><th>Parameter #1</th><th>Parameter #2</th><th>Parameter #3</th><th>Parameter #4</th><th>Parameter #5</th><th>Parameter #6</th><th>Parameter #7</th><th>Parameter #8</th></tr><tr class="param stripe"><td></td><td>jere1774@gmail.com</td><td>3</td><td>Programmer Analyst</td><td>5</td><td>2</td><td>C,C++,Java,Node,Express</td><td>FALSE</td></tr><tr><th colspan="8">Exception</th></tr><tr><td colspan="8"><div class="stacktrace">java.lang.AssertionError: Alert is not raised even if the details are not valid expected [true] but found [false]
	at app.vercel.devProfileEight.tests.TS02_InputValidation.measureProfileTest(TS02_InputValidation.java:137)
	at java.base/java.util.ArrayList.forEach(ArrayList.java:1596)
	at java.base/java.util.concurrent.FutureTask.run(FutureTask.java:317)
	at java.base/java.util.concurrent.ThreadPoolExecutor.runWorker(ThreadPoolExecutor.java:1144)
	at java.base/java.util.concurrent.ThreadPoolExecutor$Worker.run(ThreadPoolExecutor.java:642)
	at java.base/java.lang.Thread.run(Thread.java:1583)
... Removed 18 stack frames</div></td></tr></table><p class="totop"><a href="#summary">back to summary</a></p>
<h3 id="m99">app.vercel.devProfileEight.tests.TS02_InputValidation#measureProfileTest</h3><table class="result"><tr class="param"><th>Parameter #1</th><th>Parameter #2</th><th>Parameter #3</th><th>Parameter #4</th><th>Parameter #5</th><th>Parameter #6</th><th>Parameter #7</th><th>Parameter #8</th></tr><tr class="param stripe"><td>Jeremiah</td><td>jere1774@gmail.com</td><td>3</td><td>Programmer Analyst</td><td></td><td>2</td><td>C,C++,Java,Node,Express</td><td>FALSE</td></tr><tr><th colspan="8">Exception</th></tr><tr><td colspan="8"><div class="stacktrace">java.lang.AssertionError: Alert is not raised even if the details are not valid expected [true] but found [false]
	at app.vercel.devProfileEight.tests.TS02_InputValidation.measureProfileTest(TS02_InputValidation.java:137)
	at java.base/java.util.ArrayList.forEach(ArrayList.java:1596)
	at java.base/java.util.concurrent.FutureTask.run(FutureTask.java:317)
	at java.base/java.util.concurrent.ThreadPoolExecutor.runWorker(ThreadPoolExecutor.java:1144)
	at java.base/java.util.concurrent.ThreadPoolExecutor$Worker.run(ThreadPoolExecutor.java:642)
	at java.base/java.lang.Thread.run(Thread.java:1583)
... Removed 18 stack frames</div></td></tr></table><p class="totop"><a href="#summary">back to summary</a></p>
<h3 id="m100">app.vercel.devProfileEight.tests.TS02_InputValidation#measureProfileTest</h3><table class="result"><tr class="param"><th>Parameter #1</th><th>Parameter #2</th><th>Parameter #3</th><th>Parameter #4</th><th>Parameter #5</th><th>Parameter #6</th><th>Parameter #7</th><th>Parameter #8</th></tr><tr class="param stripe"><td>Jeremiah@@987</td><td>jere1774@gmail.com</td><td>3</td><td>Programmer Analyst</td><td>5</td><td>2</td><td>C,C++,Java,Node,Express</td><td>FALSE</td></tr><tr><th colspan="8">Exception</th></tr><tr><td colspan="8"><div class="stacktrace">java.lang.AssertionError: Alert is not raised even if the details are not valid expected [true] but found [false]
	at app.vercel.devProfileEight.tests.TS02_InputValidation.measureProfileTest(TS02_InputValidation.java:137)
	at java.base/java.util.ArrayList.forEach(ArrayList.java:1596)
	at java.base/java.util.concurrent.FutureTask.run(FutureTask.java:317)
	at java.base/java.util.concurrent.ThreadPoolExecutor.runWorker(ThreadPoolExecutor.java:1144)
	at java.base/java.util.concurrent.ThreadPoolExecutor$Worker.run(ThreadPoolExecutor.java:642)
	at java.base/java.lang.Thread.run(Thread.java:1583)
... Removed 18 stack frames</div></td></tr></table><p class="totop"><a href="#summary">back to summary</a></p>
<h3 id="m101">app.vercel.devProfileEight.tests.TS02_InputValidation#measureProfileTest</h3><table class="result"><tr class="param"><th>Parameter #1</th><th>Parameter #2</th><th>Parameter #3</th><th>Parameter #4</th><th>Parameter #5</th><th>Parameter #6</th><th>Parameter #7</th><th>Parameter #8</th></tr><tr class="param stripe"><td>Jeremiah987</td><td>jere1774@gmail.com</td><td>3</td><td>Programmer Analyst</td><td>5</td><td>2</td><td>C,C++,Java,Node,Express</td><td>FALSE</td></tr><tr><th colspan="8">Exception</th></tr><tr><td colspan="8"><div class="stacktrace">java.lang.AssertionError: Alert is not raised even if the details are not valid expected [true] but found [false]
	at app.vercel.devProfileEight.tests.TS02_InputValidation.measureProfileTest(TS02_InputValidation.java:137)
	at java.base/java.util.ArrayList.forEach(ArrayList.java:1596)
	at java.base/java.util.concurrent.FutureTask.run(FutureTask.java:317)
	at java.base/java.util.concurrent.ThreadPoolExecutor.runWorker(ThreadPoolExecutor.java:1144)
	at java.base/java.util.concurrent.ThreadPoolExecutor$Worker.run(ThreadPoolExecutor.java:642)
	at java.base/java.lang.Thread.run(Thread.java:1583)
... Removed 18 stack frames</div></td></tr></table><p class="totop"><a href="#summary">back to summary</a></p>
<h3 id="m102">app.vercel.devProfileEight.tests.TS02_InputValidation#websitesDevelopedFieldValidationTest</h3><table class="result"><tr class="param"><th>Parameter #1</th></tr><tr class="param stripe"><td>-3</td></tr><tr><th>Exception</th></tr><tr><td><div class="stacktrace">java.lang.AssertionError: Websites Developed Input field is allowing Invalid input did not expect [-3] but found [-3]
	at app.vercel.devProfileEight.tests.TS02_InputValidation.websitesDevelopedFieldValidationTest(TS02_InputValidation.java:76)
	at java.base/java.util.ArrayList.forEach(ArrayList.java:1596)
	at java.base/java.util.concurrent.FutureTask.run(FutureTask.java:317)
	at java.base/java.util.concurrent.ThreadPoolExecutor.runWorker(ThreadPoolExecutor.java:1144)
	at java.base/java.util.concurrent.ThreadPoolExecutor$Worker.run(ThreadPoolExecutor.java:642)
	at java.base/java.lang.Thread.run(Thread.java:1583)
... Removed 19 stack frames</div></td></tr></table><p class="totop"><a href="#summary">back to summary</a></p>
<h3 id="m103">app.vercel.devProfileEight.tests.TS02_InputValidation#websitesDevelopedFieldValidationTest</h3><table class="result"><tr class="param"><th>Parameter #1</th></tr><tr class="param stripe"><td>4.8</td></tr><tr><th>Exception</th></tr><tr><td><div class="stacktrace">java.lang.AssertionError: Websites Developed Input field is allowing Invalid input did not expect [4.8] but found [4.8]
	at app.vercel.devProfileEight.tests.TS02_InputValidation.websitesDevelopedFieldValidationTest(TS02_InputValidation.java:76)
	at java.base/java.util.ArrayList.forEach(ArrayList.java:1596)
	at java.base/java.util.concurrent.FutureTask.run(FutureTask.java:317)
	at java.base/java.util.concurrent.ThreadPoolExecutor.runWorker(ThreadPoolExecutor.java:1144)
	at java.base/java.util.concurrent.ThreadPoolExecutor$Worker.run(ThreadPoolExecutor.java:642)
	at java.base/java.lang.Thread.run(Thread.java:1583)
... Removed 19 stack frames</div></td></tr></table><p class="totop"><a href="#summary">back to summary</a></p>
<h3 id="m104">app.vercel.devProfileEight.tests.TS03_PortfolioBtnValidation#detailsEntryTestAndCreateProfile</h3><table class="result"><tr class="param"><th>Parameter #1</th><th>Parameter #2</th><th>Parameter #3</th><th>Parameter #4</th><th>Parameter #5</th><th>Parameter #6</th><th>Parameter #7</th><th>Parameter #8</th></tr><tr class="param stripe"><td>12345</td><td>xzy@gmail.com</td><td>3</td><td>98765</td><td>5</td><td>4</td><td>$$$$$$$$$$$$</td><td>FALSE</td></tr><tr><th colspan="8">Exception</th></tr><tr><td colspan="8"><div class="stacktrace">java.lang.AssertionError: Invalid details entered still creating portifolio and navigating to portifolio page expected [true] but found [false]
	at app.vercel.devProfileEight.tests.TS03_PortfolioBtnValidation.detailsEntryTestAndCreateProfile(TS03_PortfolioBtnValidation.java:38)
	at java.base/java.util.ArrayList.forEach(ArrayList.java:1596)
	at java.base/java.util.concurrent.FutureTask.run(FutureTask.java:317)
	at java.base/java.util.concurrent.ThreadPoolExecutor.runWorker(ThreadPoolExecutor.java:1144)
	at java.base/java.util.concurrent.ThreadPoolExecutor$Worker.run(ThreadPoolExecutor.java:642)
	at java.base/java.lang.Thread.run(Thread.java:1583)
... Removed 18 stack frames</div></td></tr></table><p class="totop"><a href="#summary">back to summary</a></p>
<h3 id="m105">app.vercel.devProfileEight.tests.TS03_PortfolioBtnValidation#detailsEntryTestAndCreateProfile</h3><table class="result"><tr class="param"><th>Parameter #1</th><th>Parameter #2</th><th>Parameter #3</th><th>Parameter #4</th><th>Parameter #5</th><th>Parameter #6</th><th>Parameter #7</th><th>Parameter #8</th></tr><tr class="param stripe"><td>Jeremiah987</td><td>jere1774@gmail.com</td><td>3</td><td>Programmer Analyst</td><td>5</td><td>2</td><td>C,C++,Java,Node,Express</td><td>FALSE</td></tr><tr><th colspan="8">Exception</th></tr><tr><td colspan="8"><div class="stacktrace">java.lang.AssertionError: Invalid details entered still creating portifolio and navigating to portifolio page expected [true] but found [false]
	at app.vercel.devProfileEight.tests.TS03_PortfolioBtnValidation.detailsEntryTestAndCreateProfile(TS03_PortfolioBtnValidation.java:38)
	at java.base/java.util.ArrayList.forEach(ArrayList.java:1596)
	at java.base/java.util.concurrent.FutureTask.run(FutureTask.java:317)
	at java.base/java.util.concurrent.ThreadPoolExecutor.runWorker(ThreadPoolExecutor.java:1144)
	at java.base/java.util.concurrent.ThreadPoolExecutor$Worker.run(ThreadPoolExecutor.java:642)
	at java.base/java.lang.Thread.run(Thread.java:1583)
... Removed 18 stack frames</div></td></tr></table><p class="totop"><a href="#summary">back to summary</a></p>
<h3 id="m106">app.vercel.devProfileEight.tests.TS03_PortfolioBtnValidation#detailsEntryTestAndCreateProfile</h3><table class="result"><tr class="param"><th>Parameter #1</th><th>Parameter #2</th><th>Parameter #3</th><th>Parameter #4</th><th>Parameter #5</th><th>Parameter #6</th><th>Parameter #7</th><th>Parameter #8</th></tr><tr class="param stripe"><td>Jeremiah@@987</td><td>jere1774@gmail.com</td><td>3</td><td>Programmer Analyst</td><td>5</td><td>2</td><td>C,C++,Java,Node,Express</td><td>FALSE</td></tr><tr><th colspan="8">Exception</th></tr><tr><td colspan="8"><div class="stacktrace">java.lang.AssertionError: Invalid details entered still creating portifolio and navigating to portifolio page expected [true] but found [false]
	at app.vercel.devProfileEight.tests.TS03_PortfolioBtnValidation.detailsEntryTestAndCreateProfile(TS03_PortfolioBtnValidation.java:38)
	at java.base/java.util.ArrayList.forEach(ArrayList.java:1596)
	at java.base/java.util.concurrent.FutureTask.run(FutureTask.java:317)
	at java.base/java.util.concurrent.ThreadPoolExecutor.runWorker(ThreadPoolExecutor.java:1144)
	at java.base/java.util.concurrent.ThreadPoolExecutor$Worker.run(ThreadPoolExecutor.java:642)
	at java.base/java.lang.Thread.run(Thread.java:1583)
... Removed 18 stack frames</div></td></tr></table><p class="totop"><a href="#summary">back to summary</a></p>
<h3 id="m107">app.vercel.devProfileEight.tests.TS04_PortfolioPageValidation#backBtnValidation</h3><table class="result"><tr class="param"><th>Parameter #1</th><th>Parameter #2</th><th>Parameter #3</th><th>Parameter #4</th><th>Parameter #5</th><th>Parameter #6</th><th>Parameter #7</th></tr><tr class="param stripe"><td>Subhasri</td><td>subhasri@gmail.com</td><td>4</td><td>Senior Associate</td><td>20</td><td>15</td><td>C, C++, Java</td></tr><tr><th colspan="7">Exception</th></tr><tr><td colspan="7"><div class="stacktrace">org.openqa.selenium.NoSuchElementException: no such element: Unable to locate element: {&quot;method&quot;:&quot;xpath&quot;,&quot;selector&quot;:&quot;//a[@class=&apos;btn btn-back&apos;]&quot;}
  (Session info: chrome=135.0.7049.96)
For documentation on this error, please visit: https://www.selenium.dev/documentation/webdriver/troubleshooting/errors#no-such-element-exception
Build info: version: &apos;4.32.0&apos;, revision: &apos;d17c8aa950&apos;
System info: os.name: &apos;Windows 11&apos;, os.arch: &apos;amd64&apos;, os.version: &apos;10.0&apos;, java.version: &apos;21.0.5&apos;
Driver info: org.openqa.selenium.chrome.ChromeDriver
Command: [3ad38c34d94e619301f45f34bb68b37c, findElement {using=xpath, value=//a[@class=&apos;btn btn-back&apos;]}]
Capabilities {acceptInsecureCerts: false, browserName: chrome, browserVersion: 135.0.7049.96, chrome: {chromedriverVersion: 135.0.7049.114 (63fd8a7d9d0..., userDataDir: C:\Windows\SystemTemp\scope...}, fedcm:accounts: true, goog:chromeOptions: {debuggerAddress: localhost:61740}, networkConnectionEnabled: false, pageLoadStrategy: normal, platformName: windows, proxy: Proxy(), se:cdp: ws://localhost:61740/devtoo..., se:cdpVersion: 135.0.7049.96, setWindowRect: true, strictFileInteractability: false, timeouts: {implicit: 0, pageLoad: 300000, script: 30000}, unhandledPromptBehavior: dismiss and notify, webauthn:extension:credBlob: true, webauthn:extension:largeBlob: true, webauthn:extension:minPinLength: true, webauthn:extension:prf: true, webauthn:virtualAuthenticators: true}
Session ID: 3ad38c34d94e619301f45f34bb68b37c
	at org.openqa.selenium.remote.ErrorCodec.decode(ErrorCodec.java:167)
	at org.openqa.selenium.remote.codec.w3c.W3CHttpResponseCodec.decode(W3CHttpResponseCodec.java:138)
	at org.openqa.selenium.remote.codec.w3c.W3CHttpResponseCodec.decode(W3CHttpResponseCodec.java:50)
	at org.openqa.selenium.remote.HttpCommandExecutor.execute(HttpCommandExecutor.java:215)
	at org.openqa.selenium.remote.service.DriverCommandExecutor.invokeExecute(DriverCommandExecutor.java:216)
	at org.openqa.selenium.remote.service.DriverCommandExecutor.execute(DriverCommandExecutor.java:174)
	at org.openqa.selenium.remote.RemoteWebDriver.execute(RemoteWebDriver.java:545)
	at org.openqa.selenium.remote.ElementLocation$ElementFinder$2.findElement(ElementLocation.java:165)
	at org.openqa.selenium.remote.ElementLocation.findElement(ElementLocation.java:59)
	at org.openqa.selenium.remote.RemoteWebDriver.findElement(RemoteWebDriver.java:368)
	at org.openqa.selenium.remote.RemoteWebDriver.findElement(RemoteWebDriver.java:362)
	at org.openqa.selenium.support.pagefactory.DefaultElementLocator.findElement(DefaultElementLocator.java:68)
	at org.openqa.selenium.support.pagefactory.internal.LocatingElementHandler.invoke(LocatingElementHandler.java:38)
	at jdk.proxy2/jdk.proxy2.$Proxy32.click(Unknown Source)
	at app.vercel.devProfileEight.pageObjects.PortfolioPage.getBackButton(PortfolioPage.java:98)
	at app.vercel.devProfileEight.tests.TS04_PortfolioPageValidation.backBtnValidation(TS04_PortfolioPageValidation.java:110)
	at java.base/java.util.ArrayList.forEach(ArrayList.java:1596)
	at java.base/java.util.concurrent.FutureTask.run(FutureTask.java:317)
	at java.base/java.util.concurrent.ThreadPoolExecutor.runWorker(ThreadPoolExecutor.java:1144)
	at java.base/java.util.concurrent.ThreadPoolExecutor$Worker.run(ThreadPoolExecutor.java:642)
	at java.base/java.lang.Thread.run(Thread.java:1583)
... Removed 18 stack frames</div></td></tr></table><p class="totop"><a href="#summary">back to summary</a></p>
<h3 id="m108">app.vercel.devProfileEight.tests.TS04_PortfolioPageValidation#backBtnValidation</h3><table class="result"><tr class="param"><th>Parameter #1</th><th>Parameter #2</th><th>Parameter #3</th><th>Parameter #4</th><th>Parameter #5</th><th>Parameter #6</th><th>Parameter #7</th></tr><tr class="param stripe"><td>Rithika</td><td>rithika@gmail.com</td><td>5</td><td>Senior Manager</td><td>40</td><td>20</td><td>Java, python, javascript</td></tr><tr><th colspan="7">Exception</th></tr><tr><td colspan="7"><div class="stacktrace">org.openqa.selenium.NoSuchElementException: no such element: Unable to locate element: {&quot;method&quot;:&quot;xpath&quot;,&quot;selector&quot;:&quot;//a[@class=&apos;btn btn-back&apos;]&quot;}
  (Session info: chrome=135.0.7049.96)
For documentation on this error, please visit: https://www.selenium.dev/documentation/webdriver/troubleshooting/errors#no-such-element-exception
Build info: version: &apos;4.32.0&apos;, revision: &apos;d17c8aa950&apos;
System info: os.name: &apos;Windows 11&apos;, os.arch: &apos;amd64&apos;, os.version: &apos;10.0&apos;, java.version: &apos;21.0.5&apos;
Driver info: org.openqa.selenium.chrome.ChromeDriver
Command: [3ad38c34d94e619301f45f34bb68b37c, findElement {using=xpath, value=//a[@class=&apos;btn btn-back&apos;]}]
Capabilities {acceptInsecureCerts: false, browserName: chrome, browserVersion: 135.0.7049.96, chrome: {chromedriverVersion: 135.0.7049.114 (63fd8a7d9d0..., userDataDir: C:\Windows\SystemTemp\scope...}, fedcm:accounts: true, goog:chromeOptions: {debuggerAddress: localhost:61740}, networkConnectionEnabled: false, pageLoadStrategy: normal, platformName: windows, proxy: Proxy(), se:cdp: ws://localhost:61740/devtoo..., se:cdpVersion: 135.0.7049.96, setWindowRect: true, strictFileInteractability: false, timeouts: {implicit: 0, pageLoad: 300000, script: 30000}, unhandledPromptBehavior: dismiss and notify, webauthn:extension:credBlob: true, webauthn:extension:largeBlob: true, webauthn:extension:minPinLength: true, webauthn:extension:prf: true, webauthn:virtualAuthenticators: true}
Session ID: 3ad38c34d94e619301f45f34bb68b37c
	at org.openqa.selenium.remote.ErrorCodec.decode(ErrorCodec.java:167)
	at org.openqa.selenium.remote.codec.w3c.W3CHttpResponseCodec.decode(W3CHttpResponseCodec.java:138)
	at org.openqa.selenium.remote.codec.w3c.W3CHttpResponseCodec.decode(W3CHttpResponseCodec.java:50)
	at org.openqa.selenium.remote.HttpCommandExecutor.execute(HttpCommandExecutor.java:215)
	at org.openqa.selenium.remote.service.DriverCommandExecutor.invokeExecute(DriverCommandExecutor.java:216)
	at org.openqa.selenium.remote.service.DriverCommandExecutor.execute(DriverCommandExecutor.java:174)
	at org.openqa.selenium.remote.RemoteWebDriver.execute(RemoteWebDriver.java:545)
	at org.openqa.selenium.remote.ElementLocation$ElementFinder$2.findElement(ElementLocation.java:165)
	at org.openqa.selenium.remote.ElementLocation.findElement(ElementLocation.java:59)
	at org.openqa.selenium.remote.RemoteWebDriver.findElement(RemoteWebDriver.java:368)
	at org.openqa.selenium.remote.RemoteWebDriver.findElement(RemoteWebDriver.java:362)
	at org.openqa.selenium.support.pagefactory.DefaultElementLocator.findElement(DefaultElementLocator.java:68)
	at org.openqa.selenium.support.pagefactory.internal.LocatingElementHandler.invoke(LocatingElementHandler.java:38)
	at jdk.proxy2/jdk.proxy2.$Proxy32.click(Unknown Source)
	at app.vercel.devProfileEight.pageObjects.PortfolioPage.getBackButton(PortfolioPage.java:98)
	at app.vercel.devProfileEight.tests.TS04_PortfolioPageValidation.backBtnValidation(TS04_PortfolioPageValidation.java:110)
	at java.base/java.util.ArrayList.forEach(ArrayList.java:1596)
	at java.base/java.util.concurrent.FutureTask.run(FutureTask.java:317)
	at java.base/java.util.concurrent.ThreadPoolExecutor.runWorker(ThreadPoolExecutor.java:1144)
	at java.base/java.util.concurrent.ThreadPoolExecutor$Worker.run(ThreadPoolExecutor.java:642)
	at java.base/java.lang.Thread.run(Thread.java:1583)
... Removed 18 stack frames</div></td></tr></table><p class="totop"><a href="#summary">back to summary</a></p>
<h3 id="m109">app.vercel.devProfileEight.tests.TS04_PortfolioPageValidation#backBtnValidation</h3><table class="result"><tr class="param"><th>Parameter #1</th><th>Parameter #2</th><th>Parameter #3</th><th>Parameter #4</th><th>Parameter #5</th><th>Parameter #6</th><th>Parameter #7</th></tr><tr class="param stripe"><td>Aravind</td><td>aravind@gmail.com</td><td>3</td><td>Senior Asscoiate</td><td>22</td><td>13</td><td>Mongo DB, MySQL,Spring, react.js</td></tr><tr><th colspan="7">Exception</th></tr><tr><td colspan="7"><div class="stacktrace">org.openqa.selenium.NoSuchElementException: no such element: Unable to locate element: {&quot;method&quot;:&quot;xpath&quot;,&quot;selector&quot;:&quot;//a[@class=&apos;btn btn-back&apos;]&quot;}
  (Session info: chrome=135.0.7049.96)
For documentation on this error, please visit: https://www.selenium.dev/documentation/webdriver/troubleshooting/errors#no-such-element-exception
Build info: version: &apos;4.32.0&apos;, revision: &apos;d17c8aa950&apos;
System info: os.name: &apos;Windows 11&apos;, os.arch: &apos;amd64&apos;, os.version: &apos;10.0&apos;, java.version: &apos;21.0.5&apos;
Driver info: org.openqa.selenium.chrome.ChromeDriver
Command: [3ad38c34d94e619301f45f34bb68b37c, findElement {using=xpath, value=//a[@class=&apos;btn btn-back&apos;]}]
Capabilities {acceptInsecureCerts: false, browserName: chrome, browserVersion: 135.0.7049.96, chrome: {chromedriverVersion: 135.0.7049.114 (63fd8a7d9d0..., userDataDir: C:\Windows\SystemTemp\scope...}, fedcm:accounts: true, goog:chromeOptions: {debuggerAddress: localhost:61740}, networkConnectionEnabled: false, pageLoadStrategy: normal, platformName: windows, proxy: Proxy(), se:cdp: ws://localhost:61740/devtoo..., se:cdpVersion: 135.0.7049.96, setWindowRect: true, strictFileInteractability: false, timeouts: {implicit: 0, pageLoad: 300000, script: 30000}, unhandledPromptBehavior: dismiss and notify, webauthn:extension:credBlob: true, webauthn:extension:largeBlob: true, webauthn:extension:minPinLength: true, webauthn:extension:prf: true, webauthn:virtualAuthenticators: true}
Session ID: 3ad38c34d94e619301f45f34bb68b37c
	at org.openqa.selenium.remote.ErrorCodec.decode(ErrorCodec.java:167)
	at org.openqa.selenium.remote.codec.w3c.W3CHttpResponseCodec.decode(W3CHttpResponseCodec.java:138)
	at org.openqa.selenium.remote.codec.w3c.W3CHttpResponseCodec.decode(W3CHttpResponseCodec.java:50)
	at org.openqa.selenium.remote.HttpCommandExecutor.execute(HttpCommandExecutor.java:215)
	at org.openqa.selenium.remote.service.DriverCommandExecutor.invokeExecute(DriverCommandExecutor.java:216)
	at org.openqa.selenium.remote.service.DriverCommandExecutor.execute(DriverCommandExecutor.java:174)
	at org.openqa.selenium.remote.RemoteWebDriver.execute(RemoteWebDriver.java:545)
	at org.openqa.selenium.remote.ElementLocation$ElementFinder$2.findElement(ElementLocation.java:165)
	at org.openqa.selenium.remote.ElementLocation.findElement(ElementLocation.java:59)
	at org.openqa.selenium.remote.RemoteWebDriver.findElement(RemoteWebDriver.java:368)
	at org.openqa.selenium.remote.RemoteWebDriver.findElement(RemoteWebDriver.java:362)
	at org.openqa.selenium.support.pagefactory.DefaultElementLocator.findElement(DefaultElementLocator.java:68)
	at org.openqa.selenium.support.pagefactory.internal.LocatingElementHandler.invoke(LocatingElementHandler.java:38)
	at jdk.proxy2/jdk.proxy2.$Proxy32.click(Unknown Source)
	at app.vercel.devProfileEight.pageObjects.PortfolioPage.getBackButton(PortfolioPage.java:98)
	at app.vercel.devProfileEight.tests.TS04_PortfolioPageValidation.backBtnValidation(TS04_PortfolioPageValidation.java:110)
	at java.base/java.util.ArrayList.forEach(ArrayList.java:1596)
	at java.base/java.util.concurrent.FutureTask.run(FutureTask.java:317)
	at java.base/java.util.concurrent.ThreadPoolExecutor.runWorker(ThreadPoolExecutor.java:1144)
	at java.base/java.util.concurrent.ThreadPoolExecutor$Worker.run(ThreadPoolExecutor.java:642)
	at java.base/java.lang.Thread.run(Thread.java:1583)
... Removed 18 stack frames</div></td></tr></table><p class="totop"><a href="#summary">back to summary</a></p>
<h3 id="m110">app.vercel.devProfileEight.tests.TS01_HomePageValidation#appsMadeEnableCheck</h3><table class="result"><tr><th class="invisible"/></tr></table><p class="totop"><a href="#summary">back to summary</a></p>
<h3 id="m111">app.vercel.devProfileEight.tests.TS01_HomePageValidation#checkWebTitle</h3><table class="result"><tr><th class="invisible"/></tr></table><p class="totop"><a href="#summary">back to summary</a></p>
<h3 id="m112">app.vercel.devProfileEight.tests.TS01_HomePageValidation#createPortfolioBtnClickCheck</h3><table class="result"><tr><th class="invisible"/></tr></table><p class="totop"><a href="#summary">back to summary</a></p>
<h3 id="m113">app.vercel.devProfileEight.tests.TS01_HomePageValidation#emailFieldEnableCheck</h3><table class="result"><tr><th class="invisible"/></tr></table><p class="totop"><a href="#summary">back to summary</a></p>
<h3 id="m114">app.vercel.devProfileEight.tests.TS01_HomePageValidation#experienceFieldEnableCheck</h3><table class="result"><tr><th class="invisible"/></tr></table><p class="totop"><a href="#summary">back to summary</a></p>
<h3 id="m115">app.vercel.devProfileEight.tests.TS01_HomePageValidation#headerCheck</h3><table class="result"><tr><th class="invisible"/></tr></table><p class="totop"><a href="#summary">back to summary</a></p>
<h3 id="m116">app.vercel.devProfileEight.tests.TS01_HomePageValidation#jobTitleFieldEnableCheck</h3><table class="result"><tr><th class="invisible"/></tr></table><p class="totop"><a href="#summary">back to summary</a></p>
<h3 id="m117">app.vercel.devProfileEight.tests.TS01_HomePageValidation#measureBtnClickCheck</h3><table class="result"><tr><th class="invisible"/></tr></table><p class="totop"><a href="#summary">back to summary</a></p>
<h3 id="m118">app.vercel.devProfileEight.tests.TS01_HomePageValidation#nameFieldEnableCheck</h3><table class="result"><tr><th class="invisible"/></tr></table><p class="totop"><a href="#summary">back to summary</a></p>
<h3 id="m119">app.vercel.devProfileEight.tests.TS01_HomePageValidation#skillsFieldEnableCheck</h3><table class="result"><tr><th class="invisible"/></tr></table><p class="totop"><a href="#summary">back to summary</a></p>
<h3 id="m120">app.vercel.devProfileEight.tests.TS01_HomePageValidation#subTitleCheck</h3><table class="result"><tr><th class="invisible"/></tr></table><p class="totop"><a href="#summary">back to summary</a></p>
<h3 id="m121">app.vercel.devProfileEight.tests.TS01_HomePageValidation#websitesDevelopedEnableCheck</h3><table class="result"><tr><th class="invisible"/></tr></table><p class="totop"><a href="#summary">back to summary</a></p>
<h3 id="m122">app.vercel.devProfileEight.tests.TS02_InputValidation#appsMadeFieldValidationTest</h3><table class="result"><tr class="param"><th>Parameter #1</th></tr><tr class="param stripe"><td>a4r3</td></tr></table><p class="totop"><a href="#summary">back to summary</a></p>
<h3 id="m123">app.vercel.devProfileEight.tests.TS02_InputValidation#appsMadeFieldValidationTest</h3><table class="result"><tr class="param"><th>Parameter #1</th></tr><tr class="param stripe"><td>2</td></tr></table><p class="totop"><a href="#summary">back to summary</a></p>
<h3 id="m124">app.vercel.devProfileEight.tests.TS02_InputValidation#appsMadeFieldValidationTest</h3><table class="result"><tr class="param"><th>Parameter #1</th></tr><tr class="param stripe"><td>qwer</td></tr></table><p class="totop"><a href="#summary">back to summary</a></p>
<h3 id="m125">app.vercel.devProfileEight.tests.TS02_InputValidation#appsMadeFieldValidationTest</h3><table class="result"><tr class="param"><th>Parameter #1</th></tr><tr class="param stripe"><td>1@3</td></tr></table><p class="totop"><a href="#summary">back to summary</a></p>
<h3 id="m126">app.vercel.devProfileEight.tests.TS02_InputValidation#appsMadeFieldValidationTest</h3><table class="result"><tr class="param"><th>Parameter #1</th></tr><tr class="param stripe"><td>3x1</td></tr></table><p class="totop"><a href="#summary">back to summary</a></p>
<h3 id="m127">app.vercel.devProfileEight.tests.TS02_InputValidation#emailFieldValidationTest</h3><table class="result"><tr class="param"><th>Parameter #1</th></tr><tr class="param stripe"><td>##$3@</td></tr></table><p class="totop"><a href="#summary">back to summary</a></p>
<h3 id="m128">app.vercel.devProfileEight.tests.TS02_InputValidation#emailFieldValidationTest</h3><table class="result"><tr class="param"><th>Parameter #1</th></tr><tr class="param stripe"><td>Srikanth</td></tr></table><p class="totop"><a href="#summary">back to summary</a></p>
<h3 id="m129">app.vercel.devProfileEight.tests.TS02_InputValidation#emailFieldValidationTest</h3><table class="result"><tr class="param"><th>Parameter #1</th></tr><tr class="param stripe"><td>Siva@gmail.com</td></tr></table><p class="totop"><a href="#summary">back to summary</a></p>
<h3 id="m130">app.vercel.devProfileEight.tests.TS02_InputValidation#emailFieldValidationTest</h3><table class="result"><tr class="param"><th>Parameter #1</th></tr><tr class="param stripe"><td>Srikanth1234</td></tr></table><p class="totop"><a href="#summary">back to summary</a></p>
<h3 id="m131">app.vercel.devProfileEight.tests.TS02_InputValidation#emailFieldValidationTest</h3><table class="result"><tr class="param"><th>Parameter #1</th></tr><tr class="param stripe"><td>1234</td></tr></table><p class="totop"><a href="#summary">back to summary</a></p>
<h3 id="m132">app.vercel.devProfileEight.tests.TS02_InputValidation#experienceFieldValidationTest</h3><table class="result"><tr class="param"><th>Parameter #1</th></tr><tr class="param stripe"><td>10+</td></tr></table><p class="totop"><a href="#summary">back to summary</a></p>
<h3 id="m133">app.vercel.devProfileEight.tests.TS02_InputValidation#experienceFieldValidationTest</h3><table class="result"><tr class="param"><th>Parameter #1</th></tr><tr class="param stripe"><td>1</td></tr></table><p class="totop"><a href="#summary">back to summary</a></p>
<h3 id="m134">app.vercel.devProfileEight.tests.TS02_InputValidation#experienceFieldValidationTest</h3><table class="result"><tr class="param"><th>Parameter #1</th></tr><tr class="param stripe"><td>3</td></tr></table><p class="totop"><a href="#summary">back to summary</a></p>
<h3 id="m135">app.vercel.devProfileEight.tests.TS02_InputValidation#experienceFieldValidationTest</h3><table class="result"><tr class="param"><th>Parameter #1</th></tr><tr class="param stripe"><td>5</td></tr></table><p class="totop"><a href="#summary">back to summary</a></p>
<h3 id="m136">app.vercel.devProfileEight.tests.TS02_InputValidation#experienceFieldValidationTest</h3><table class="result"><tr class="param"><th>Parameter #1</th></tr><tr class="param stripe"><td>8</td></tr></table><p class="totop"><a href="#summary">back to summary</a></p>
<h3 id="m137">app.vercel.devProfileEight.tests.TS02_InputValidation#experienceFieldValidationTest</h3><table class="result"><tr class="param"><th>Parameter #1</th></tr><tr class="param stripe"><td>7</td></tr></table><p class="totop"><a href="#summary">back to summary</a></p>
<h3 id="m138">app.vercel.devProfileEight.tests.TS02_InputValidation#experienceFieldValidationTest</h3><table class="result"><tr class="param"><th>Parameter #1</th></tr><tr class="param stripe"><td>6</td></tr></table><p class="totop"><a href="#summary">back to summary</a></p>
<h3 id="m139">app.vercel.devProfileEight.tests.TS02_InputValidation#experienceFieldValidationTest</h3><table class="result"><tr class="param"><th>Parameter #1</th></tr><tr class="param stripe"><td>9</td></tr></table><p class="totop"><a href="#summary">back to summary</a></p>
<h3 id="m140">app.vercel.devProfileEight.tests.TS02_InputValidation#experienceFieldValidationTest</h3><table class="result"><tr class="param"><th>Parameter #1</th></tr><tr class="param stripe"><td>4</td></tr></table><p class="totop"><a href="#summary">back to summary</a></p>
<h3 id="m141">app.vercel.devProfileEight.tests.TS02_InputValidation#experienceFieldValidationTest</h3><table class="result"><tr class="param"><th>Parameter #1</th></tr><tr class="param stripe"><td>2</td></tr></table><p class="totop"><a href="#summary">back to summary</a></p>
<h3 id="m142">app.vercel.devProfileEight.tests.TS02_InputValidation#jobTitleFieldValidationTest</h3><table class="result"><tr class="param"><th>Parameter #1</th></tr><tr class="param stripe"><td>Senior Associate</td></tr></table><p class="totop"><a href="#summary">back to summary</a></p>
<h3 id="m143">app.vercel.devProfileEight.tests.TS02_InputValidation#jobTitleFieldValidationTest</h3><table class="result"><tr class="param"><th>Parameter #1</th></tr><tr class="param stripe"><td>Manager</td></tr></table><p class="totop"><a href="#summary">back to summary</a></p>
<h3 id="m144">app.vercel.devProfileEight.tests.TS02_InputValidation#jobTitleFieldValidationTest</h3><table class="result"><tr class="param"><th>Parameter #1</th></tr><tr class="param stripe"><td>Intern</td></tr></table><p class="totop"><a href="#summary">back to summary</a></p>
<h3 id="m145">app.vercel.devProfileEight.tests.TS02_InputValidation#measureProfileTest</h3><table class="result"><tr class="param"><th>Parameter #1</th><th>Parameter #2</th><th>Parameter #3</th><th>Parameter #4</th><th>Parameter #5</th><th>Parameter #6</th><th>Parameter #7</th><th>Parameter #8</th></tr><tr class="param stripe"><td>Jeremiah</td><td>jere1774@gmail.com</td><td>3</td><td>Programmer Analyst</td><td>5</td><td>2</td><td></td><td>TRUE</td></tr></table><p class="totop"><a href="#summary">back to summary</a></p>
<h3 id="m146">app.vercel.devProfileEight.tests.TS02_InputValidation#measureProfileTest</h3><table class="result"><tr class="param"><th>Parameter #1</th><th>Parameter #2</th><th>Parameter #3</th><th>Parameter #4</th><th>Parameter #5</th><th>Parameter #6</th><th>Parameter #7</th><th>Parameter #8</th></tr><tr class="param stripe"><td>Jeremiah</td><td>jere1774@gmail.com</td><td></td><td>Programmer Analyst</td><td>5</td><td>2</td><td>C,C++,Java,Node,Express</td><td>FALSE</td></tr></table><p class="totop"><a href="#summary">back to summary</a></p>
<h3 id="m147">app.vercel.devProfileEight.tests.TS02_InputValidation#measureProfileTest</h3><table class="result"><tr class="param"><th>Parameter #1</th><th>Parameter #2</th><th>Parameter #3</th><th>Parameter #4</th><th>Parameter #5</th><th>Parameter #6</th><th>Parameter #7</th><th>Parameter #8</th></tr><tr class="param stripe"><td>Conrad</td><td>conrad65@gmail.com</td><td>4</td><td>Senior Developer</td><td>16</td><td>4</td><td>JS , Java , React , PythonC,Node,Express</td><td>TRUE</td></tr></table><p class="totop"><a href="#summary">back to summary</a></p>
<h3 id="m148">app.vercel.devProfileEight.tests.TS02_InputValidation#nameFieldValidationTest</h3><table class="result"><tr class="param"><th>Parameter #1</th></tr><tr class="param stripe"><td>Srikanth</td></tr></table><p class="totop"><a href="#summary">back to summary</a></p>
<h3 id="m149">app.vercel.devProfileEight.tests.TS02_InputValidation#nameFieldValidationTest</h3><table class="result"><tr class="param"><th>Parameter #1</th></tr><tr class="param stripe"><td>1234</td></tr></table><p class="totop"><a href="#summary">back to summary</a></p>
<h3 id="m150">app.vercel.devProfileEight.tests.TS02_InputValidation#nameFieldValidationTest</h3><table class="result"><tr class="param"><th>Parameter #1</th></tr><tr class="param stripe"><td>Srikanth1234</td></tr></table><p class="totop"><a href="#summary">back to summary</a></p>
<h3 id="m151">app.vercel.devProfileEight.tests.TS02_InputValidation#nameFieldValidationTest</h3><table class="result"><tr class="param"><th>Parameter #1</th></tr><tr class="param stripe"><td>Siva@1234</td></tr></table><p class="totop"><a href="#summary">back to summary</a></p>
<h3 id="m152">app.vercel.devProfileEight.tests.TS02_InputValidation#nameFieldValidationTest</h3><table class="result"><tr class="param"><th>Parameter #1</th></tr><tr class="param stripe"><td>#$$#@</td></tr></table><p class="totop"><a href="#summary">back to summary</a></p>
<h3 id="m153">app.vercel.devProfileEight.tests.TS02_InputValidation#skillsFieldValidationTest</h3><table class="result"><tr class="param"><th>Parameter #1</th></tr><tr class="param stripe"><td>Python,java</td></tr></table><p class="totop"><a href="#summary">back to summary</a></p>
<h3 id="m154">app.vercel.devProfileEight.tests.TS02_InputValidation#skillsFieldValidationTest</h3><table class="result"><tr class="param"><th>Parameter #1</th></tr><tr class="param stripe"><td>Python</td></tr></table><p class="totop"><a href="#summary">back to summary</a></p>
<h3 id="m155">app.vercel.devProfileEight.tests.TS02_InputValidation#skillsFieldValidationTest</h3><table class="result"><tr class="param"><th>Parameter #1</th></tr><tr class="param stripe"><td>C#</td></tr></table><p class="totop"><a href="#summary">back to summary</a></p>
<h3 id="m156">app.vercel.devProfileEight.tests.TS02_InputValidation#websitesDevelopedFieldValidationTest</h3><table class="result"><tr class="param"><th>Parameter #1</th></tr><tr class="param stripe"><td>3x1</td></tr></table><p class="totop"><a href="#summary">back to summary</a></p>
<h3 id="m157">app.vercel.devProfileEight.tests.TS02_InputValidation#websitesDevelopedFieldValidationTest</h3><table class="result"><tr class="param"><th>Parameter #1</th></tr><tr class="param stripe"><td>a4r3</td></tr></table><p class="totop"><a href="#summary">back to summary</a></p>
<h3 id="m158">app.vercel.devProfileEight.tests.TS02_InputValidation#websitesDevelopedFieldValidationTest</h3><table class="result"><tr class="param"><th>Parameter #1</th></tr><tr class="param stripe"><td>2</td></tr></table><p class="totop"><a href="#summary">back to summary</a></p>
<h3 id="m159">app.vercel.devProfileEight.tests.TS02_InputValidation#websitesDevelopedFieldValidationTest</h3><table class="result"><tr class="param"><th>Parameter #1</th></tr><tr class="param stripe"><td>1@3</td></tr></table><p class="totop"><a href="#summary">back to summary</a></p>
<h3 id="m160">app.vercel.devProfileEight.tests.TS02_InputValidation#websitesDevelopedFieldValidationTest</h3><table class="result"><tr class="param"><th>Parameter #1</th></tr><tr class="param stripe"><td>qwer</td></tr></table><p class="totop"><a href="#summary">back to summary</a></p>
<h3 id="m161">app.vercel.devProfileEight.tests.TS03_PortfolioBtnValidation#detailsEntryTestAndCreateProfile</h3><table class="result"><tr class="param"><th>Parameter #1</th><th>Parameter #2</th><th>Parameter #3</th><th>Parameter #4</th><th>Parameter #5</th><th>Parameter #6</th><th>Parameter #7</th><th>Parameter #8</th></tr><tr class="param stripe"><td>Jeremiah</td><td>jere1774@gmail.com</td><td>3</td><td>Programmer Analyst</td><td>5</td><td>2</td><td></td><td>TRUE</td></tr></table><p class="totop"><a href="#summary">back to summary</a></p>
<h3 id="m162">app.vercel.devProfileEight.tests.TS03_PortfolioBtnValidation#detailsEntryTestAndCreateProfile</h3><table class="result"><tr class="param"><th>Parameter #1</th><th>Parameter #2</th><th>Parameter #3</th><th>Parameter #4</th><th>Parameter #5</th><th>Parameter #6</th><th>Parameter #7</th><th>Parameter #8</th></tr><tr class="param stripe"><td>Jeremiah</td><td>jere1774@gmail.com</td><td>3</td><td>Programmer Analyst</td><td></td><td>2</td><td>C,C++,Java,Node,Express</td><td>FALSE</td></tr></table><p class="totop"><a href="#summary">back to summary</a></p>
<h3 id="m163">app.vercel.devProfileEight.tests.TS03_PortfolioBtnValidation#detailsEntryTestAndCreateProfile</h3><table class="result"><tr class="param"><th>Parameter #1</th><th>Parameter #2</th><th>Parameter #3</th><th>Parameter #4</th><th>Parameter #5</th><th>Parameter #6</th><th>Parameter #7</th><th>Parameter #8</th></tr><tr class="param stripe"><td>Jeremiah</td><td>jere1774@gmail.com</td><td>3</td><td>Programmer Analyst</td><td>5</td><td></td><td>C,C++,Java,Node,Express</td><td>FALSE</td></tr></table><p class="totop"><a href="#summary">back to summary</a></p>
<h3 id="m164">app.vercel.devProfileEight.tests.TS03_PortfolioBtnValidation#detailsEntryTestAndCreateProfile</h3><table class="result"><tr class="param"><th>Parameter #1</th><th>Parameter #2</th><th>Parameter #3</th><th>Parameter #4</th><th>Parameter #5</th><th>Parameter #6</th><th>Parameter #7</th><th>Parameter #8</th></tr><tr class="param stripe"><td></td><td>jere1774@gmail.com</td><td>3</td><td>Programmer Analyst</td><td>5</td><td>2</td><td>C,C++,Java,Node,Express</td><td>FALSE</td></tr></table><p class="totop"><a href="#summary">back to summary</a></p>
<h3 id="m165">app.vercel.devProfileEight.tests.TS03_PortfolioBtnValidation#detailsEntryTestAndCreateProfile</h3><table class="result"><tr class="param"><th>Parameter #1</th><th>Parameter #2</th><th>Parameter #3</th><th>Parameter #4</th><th>Parameter #5</th><th>Parameter #6</th><th>Parameter #7</th><th>Parameter #8</th></tr><tr class="param stripe"><td>Conrad</td><td>conrad65@gmail.com</td><td>4</td><td>Senior Developer</td><td>16</td><td>4</td><td>JS , Java , React , PythonC,Node,Express</td><td>TRUE</td></tr></table><p class="totop"><a href="#summary">back to summary</a></p>
<h3 id="m166">app.vercel.devProfileEight.tests.TS03_PortfolioBtnValidation#detailsEntryTestAndCreateProfile</h3><table class="result"><tr class="param"><th>Parameter #1</th><th>Parameter #2</th><th>Parameter #3</th><th>Parameter #4</th><th>Parameter #5</th><th>Parameter #6</th><th>Parameter #7</th><th>Parameter #8</th></tr><tr class="param stripe"><td>Jeremiah</td><td></td><td>3</td><td>Programmer Analyst</td><td>5</td><td>2</td><td>C,C++,Java,Node,Express</td><td>FALSE</td></tr></table><p class="totop"><a href="#summary">back to summary</a></p>
<h3 id="m167">app.vercel.devProfileEight.tests.TS03_PortfolioBtnValidation#detailsEntryTestAndCreateProfile</h3><table class="result"><tr class="param"><th>Parameter #1</th><th>Parameter #2</th><th>Parameter #3</th><th>Parameter #4</th><th>Parameter #5</th><th>Parameter #6</th><th>Parameter #7</th><th>Parameter #8</th></tr><tr class="param stripe"><td>Jeremiah</td><td>jere1774@gmail.com</td><td></td><td>Programmer Analyst</td><td>5</td><td>2</td><td>C,C++,Java,Node,Express</td><td>FALSE</td></tr></table><p class="totop"><a href="#summary">back to summary</a></p>
<h3 id="m168">app.vercel.devProfileEight.tests.TS03_PortfolioBtnValidation#detailsEntryTestAndCreateProfile</h3><table class="result"><tr class="param"><th>Parameter #1</th><th>Parameter #2</th><th>Parameter #3</th><th>Parameter #4</th><th>Parameter #5</th><th>Parameter #6</th><th>Parameter #7</th><th>Parameter #8</th></tr><tr class="param stripe"><td>Steven</td><td>steven345@gmail.com</td><td>5</td><td>SDE</td><td>b</td><td>c</td><td>Java , Python , C# </td><td>FALSE</td></tr></table><p class="totop"><a href="#summary">back to summary</a></p>
<h3 id="m169">app.vercel.devProfileEight.tests.TS03_PortfolioBtnValidation#detailsEntryTestAndCreateProfile</h3><table class="result"><tr class="param"><th>Parameter #1</th><th>Parameter #2</th><th>Parameter #3</th><th>Parameter #4</th><th>Parameter #5</th><th>Parameter #6</th><th>Parameter #7</th><th>Parameter #8</th></tr><tr class="param stripe"><td>Prasanna</td><td>prasanna@gmail.com</td><td>6</td><td>Senior Developer</td><td>18.5</td><td>3.9</td><td>Java , Python , C# , Ruby</td><td>FALSE</td></tr></table><p class="totop"><a href="#summary">back to summary</a></p>
<h3 id="m170">app.vercel.devProfileEight.tests.TS03_PortfolioBtnValidation#detailsEntryTestAndCreateProfile</h3><table class="result"><tr class="param"><th>Parameter #1</th><th>Parameter #2</th><th>Parameter #3</th><th>Parameter #4</th><th>Parameter #5</th><th>Parameter #6</th><th>Parameter #7</th><th>Parameter #8</th></tr><tr class="param stripe"><td>Jeremiah</td><td>jere1774@gmail.com</td><td>3</td><td>Programmer Analyst</td><td>-5</td><td>-2</td><td>C,C++,Java,Node,Express</td><td>FALSE</td></tr></table><p class="totop"><a href="#summary">back to summary</a></p>
<h3 id="m171">app.vercel.devProfileEight.tests.TS03_PortfolioBtnValidation#detailsEntryTestAndCreateProfile</h3><table class="result"><tr class="param"><th>Parameter #1</th><th>Parameter #2</th><th>Parameter #3</th><th>Parameter #4</th><th>Parameter #5</th><th>Parameter #6</th><th>Parameter #7</th><th>Parameter #8</th></tr><tr class="param stripe"><td>Maha</td><td>9442385</td><td>2</td><td>SDE</td><td>6</td><td>1</td><td>JS , Java , React , Python</td><td>FALSE</td></tr></table><p class="totop"><a href="#summary">back to summary</a></p>
<h3 id="m172">app.vercel.devProfileEight.tests.TS03_PortfolioBtnValidation#detailsEntryTestAndCreateProfile</h3><table class="result"><tr class="param"><th>Parameter #1</th><th>Parameter #2</th><th>Parameter #3</th><th>Parameter #4</th><th>Parameter #5</th><th>Parameter #6</th><th>Parameter #7</th><th>Parameter #8</th></tr><tr class="param stripe"><td>Jeremiah</td><td>jere1774@gmail.com</td><td>3</td><td></td><td>5</td><td>2</td><td>C,C++,Java,Node,Express</td><td>FALSE</td></tr></table><p class="totop"><a href="#summary">back to summary</a></p>
<h3 id="m173">app.vercel.devProfileEight.tests.TS04_PortfolioPageValidation#avatarValidation</h3><table class="result"><tr class="param"><th>Parameter #1</th><th>Parameter #2</th><th>Parameter #3</th><th>Parameter #4</th><th>Parameter #5</th><th>Parameter #6</th><th>Parameter #7</th></tr><tr class="param stripe"><td>Rithika</td><td>rithika@gmail.com</td><td>5</td><td>Senior Manager</td><td>40</td><td>20</td><td>Java, python, javascript</td></tr></table><p class="totop"><a href="#summary">back to summary</a></p>
<h3 id="m174">app.vercel.devProfileEight.tests.TS04_PortfolioPageValidation#avatarValidation</h3><table class="result"><tr class="param"><th>Parameter #1</th><th>Parameter #2</th><th>Parameter #3</th><th>Parameter #4</th><th>Parameter #5</th><th>Parameter #6</th><th>Parameter #7</th></tr><tr class="param stripe"><td>Aravind</td><td>aravind@gmail.com</td><td>3</td><td>Senior Asscoiate</td><td>22</td><td>13</td><td>Mongo DB, MySQL,Spring, react.js</td></tr></table><p class="totop"><a href="#summary">back to summary</a></p>
<h3 id="m175">app.vercel.devProfileEight.tests.TS04_PortfolioPageValidation#avatarValidation</h3><table class="result"><tr class="param"><th>Parameter #1</th><th>Parameter #2</th><th>Parameter #3</th><th>Parameter #4</th><th>Parameter #5</th><th>Parameter #6</th><th>Parameter #7</th></tr><tr class="param stripe"><td>Subhasri</td><td>subhasri@gmail.com</td><td>4</td><td>Senior Associate</td><td>20</td><td>15</td><td>C, C++, Java</td></tr></table><p class="totop"><a href="#summary">back to summary</a></p>
</body>
</html>
